Wed Aug  7 17:44:34 BST 2024
/cubric/collab/487_mvpa/poppy-effex/dataset/derivatives/freesurfer/6.0.1/output/ses-1/sub-126BPCP021002
/opt/freesurfer/bin/recon-all
-autorecon1 -i /cubric/collab/487_mvpa/poppy-effex/dataset/bids/sub-126BPCP021002/ses-1/anat/sub-126BPCP021002_ses-1_acq-mprage_T1w.nii.gz -noskullstrip -hires -openmp 4 -subjid sub-126BPCP021002 -sd /cubric/collab/487_mvpa/poppy-effex/dataset/derivatives/freesurfer/6.0.1/output/ses-1 -expert /cubric/collab/487_mvpa/poppy-effex/dataset/derivatives/fmriprep/20.2.7/work/fmriprep-20.2.7-126BPCP021002-1/fmriprep_wf/single_subject_126BPCP021002_wf/anat_preproc_wf/surface_recon_wf/autorecon1/expert.opts
subjid sub-126BPCP021002
setenv SUBJECTS_DIR /cubric/collab/487_mvpa/poppy-effex/dataset/derivatives/freesurfer/6.0.1/output/ses-1
FREESURFER_HOME /opt/freesurfer
Actual FREESURFER_HOME /opt/freesurfer
build-stamp.txt: freesurfer-Linux-centos6_x86_64-stable-pub-v6.0.1-f53a55a
Linux c2b12 3.10.0-1062.el7.x86_64 #1 SMP Wed Aug 7 18:08:02 UTC 2019 x86_64 x86_64 x86_64 GNU/Linux
cputime      unlimited
filesize     unlimited
datasize     unlimited
stacksize    8192 kbytes
coredumpsize 0 kbytes
memoryuse    196608000 kbytes
vmemoryuse   unlimited
descriptors  131072 
memorylocked 64 kbytes
maxproc      62172 
maxlocks     unlimited
maxsignal    772962 
maxmessage   819200 
maxnice      0 
maxrtprio    0 
maxrttime    unlimited

              total        used        free      shared  buff/cache   available
Mem:      197909688     4102428   189591200      160752     4216060   192825096
Swap:       4194300           0     4194300

########################################
program versions used
$Id: recon-all,v 1.580.2.16 2017/01/18 14:11:24 zkaufman Exp $
$Id: mri_motion_correct.fsl,v 1.15 2016/02/16 17:17:20 zkaufman Exp $
mri_convert.bin -all-info 
ProgramName: mri_convert.bin  ProgramArguments: -all-info  ProgramVersion: $Name: stable6 $  TimeStamp: 2024/08/07-16:44:34-GMT  BuildTimeStamp: Oct 20 2017 13:59:15  CVS: $Id: mri_convert.c,v 1.226 2016/02/26 16:15:24 mreuter Exp $  User: saptaf1  Machine: c2b12  Platform: Linux  PlatformVersion: 3.10.0-1062.el7.x86_64  CompilerName: GCC  CompilerVersion: 40400 
FLIRT version 5.5
$Id: talairach_avi,v 1.13 2015/12/23 04:25:17 greve Exp $
mri_convert.bin --version 
stable6
ProgramName: tkregister2_cmdl  ProgramArguments: --all-info  ProgramVersion: $Name: stable6 $  TimeStamp: 2024/08/07-16:44:35-GMT  BuildTimeStamp: Oct 20 2017 13:59:15  CVS: $Id: tkregister2.c,v 1.132.2.1 2016/08/02 21:17:29 greve Exp $  User: saptaf1  Machine: c2b12  Platform: Linux  PlatformVersion: 3.10.0-1062.el7.x86_64  CompilerName: GCC  CompilerVersion: 40400 
Program nu_correct, built from:
Package MNI N3, version 1.12.0, compiled by nicks@terrier (x86_64-unknown-linux-gnu) on 2015-06-19 at 01:25:34
ProgramName: mri_make_uchar  ProgramArguments: -all-info  ProgramVersion: $Name: stable6 $  TimeStamp: 2024/08/07-16:44:35-GMT  BuildTimeStamp: Oct 20 2017 13:59:15  CVS: $Id: mri_make_uchar.c,v 1.4 2011/03/02 00:04:14 nicks Exp $  User: saptaf1  Machine: c2b12  Platform: Linux  PlatformVersion: 3.10.0-1062.el7.x86_64  CompilerName: GCC  CompilerVersion: 40400 
ProgramName: mri_normalize  ProgramArguments: -all-info  ProgramVersion: $Name:  $  TimeStamp: 2024/08/07-16:44:35-GMT  BuildTimeStamp: Oct 20 2017 13:59:15  CVS: $Id: mri_normalize.c,v 1.88.2.3 2016/12/27 16:47:13 zkaufman Exp $  User: saptaf1  Machine: c2b12  Platform: Linux  PlatformVersion: 3.10.0-1062.el7.x86_64  CompilerName: GCC  CompilerVersion: 40400 
ProgramName: mri_watershed  ProgramArguments: -all-info  ProgramVersion: $Name: stable6 $  TimeStamp: 2024/08/07-16:44:35-GMT  BuildTimeStamp: Oct 20 2017 13:59:15  CVS: $Id: mri_watershed.cpp,v 1.103 2016/06/17 18:00:49 zkaufman Exp $  User: saptaf1  Machine: c2b12  Platform: Linux  PlatformVersion: 3.10.0-1062.el7.x86_64  CompilerName: GCC  CompilerVersion: 40400 
ProgramName: mri_gcut  ProgramArguments: -all-info  ProgramVersion: $Name: stable6 $  TimeStamp: 2024/08/07-16:44:35-GMT  BuildTimeStamp: Oct 20 2017 13:59:15  CVS: $Id: mri_gcut.cpp,v 1.14 2011/03/02 00:04:16 nicks Exp $  User: saptaf1  Machine: c2b12  Platform: Linux  PlatformVersion: 3.10.0-1062.el7.x86_64  CompilerName: GCC  CompilerVersion: 40400 
ProgramName: mri_segment  ProgramArguments: -all-info  ProgramVersion: $Name:  $  TimeStamp: 2024/08/07-16:44:35-GMT  BuildTimeStamp: Oct 20 2017 13:59:15  CVS: $Id: mri_segment.c,v 1.43.2.1 2016/10/27 22:24:52 zkaufman Exp $  User: saptaf1  Machine: c2b12  Platform: Linux  PlatformVersion: 3.10.0-1062.el7.x86_64  CompilerName: GCC  CompilerVersion: 40400 
ProgramName: mri_label2label.bin  ProgramArguments: -all-info  ProgramVersion: $Name:  $  TimeStamp: 2024/08/07-16:44:35-GMT  BuildTimeStamp: Oct 20 2017 13:59:15  CVS: $Id: mri_label2label.c,v 1.48.2.2 2016/12/12 14:15:26 zkaufman Exp $  User: saptaf1  Machine: c2b12  Platform: Linux  PlatformVersion: 3.10.0-1062.el7.x86_64  CompilerName: GCC  CompilerVersion: 40400 
ProgramName: mri_em_register  ProgramArguments: -all-info  ProgramVersion: $Name:  $  TimeStamp: 2024/08/07-16:44:35-GMT  BuildTimeStamp: Oct 20 2017 13:59:15  CVS: $Id: mri_em_register.c,v 1.105.2.1 2016/10/27 22:25:10 zkaufman Exp $  User: saptaf1  Machine: c2b12  Platform: Linux  PlatformVersion: 3.10.0-1062.el7.x86_64  CompilerName: GCC  CompilerVersion: 40400 
ProgramName: mri_ca_normalize  ProgramArguments: -all-info  ProgramVersion: $Name:  $  TimeStamp: 2024/08/07-16:44:35-GMT  BuildTimeStamp: Oct 20 2017 13:59:15  CVS: $Id: mri_ca_normalize.c,v 1.67.2.2 2016/10/27 22:25:09 zkaufman Exp $  User: saptaf1  Machine: c2b12  Platform: Linux  PlatformVersion: 3.10.0-1062.el7.x86_64  CompilerName: GCC  CompilerVersion: 40400 
ProgramName: mri_ca_register  ProgramArguments: -all-info  ProgramVersion: $Name:  $  TimeStamp: 2024/08/07-16:44:35-GMT  BuildTimeStamp: Oct 20 2017 13:59:15  CVS: $Id: mri_ca_register.c,v 1.96.2.3 2016/10/27 22:25:10 zkaufman Exp $  User: saptaf1  Machine: c2b12  Platform: Linux  PlatformVersion: 3.10.0-1062.el7.x86_64  CompilerName: GCC  CompilerVersion: 40400 
ProgramName: mri_ca_label  ProgramArguments: -all-info  ProgramVersion: $Name:  $  TimeStamp: 2024/08/07-16:44:36-GMT  BuildTimeStamp: Oct 20 2017 13:59:15  CVS: $Id: mri_ca_label.c,v 1.113.2.2 2016/10/27 22:25:10 zkaufman Exp $  User: saptaf1  Machine: c2b12  Platform: Linux  PlatformVersion: 3.10.0-1062.el7.x86_64  CompilerName: GCC  CompilerVersion: 40400 
ProgramName: mri_pretess  ProgramArguments: -all-info  ProgramVersion: $Name: stable6 $  TimeStamp: 2024/08/07-16:44:36-GMT  BuildTimeStamp: Oct 20 2017 13:59:15  CVS: $Id: mri_pretess.c,v 1.22 2013/08/30 18:12:25 mreuter Exp $  User: saptaf1  Machine: c2b12  Platform: Linux  PlatformVersion: 3.10.0-1062.el7.x86_64  CompilerName: GCC  CompilerVersion: 40400 
ProgramName: mri_fill  ProgramArguments: -all-info  ProgramVersion: $Name: stable6 $  TimeStamp: 2024/08/07-16:44:36-GMT  BuildTimeStamp: Oct 20 2017 13:59:15  CVS: $Id: mri_fill.c,v 1.119 2011/10/25 14:09:58 fischl Exp $  User: saptaf1  Machine: c2b12  Platform: Linux  PlatformVersion: 3.10.0-1062.el7.x86_64  CompilerName: GCC  CompilerVersion: 40400 
ProgramName: mri_tessellate  ProgramArguments: -all-info  ProgramVersion: $Name:  $  TimeStamp: 2024/08/07-16:44:36-GMT  BuildTimeStamp: Oct 20 2017 13:59:15  CVS: $Id: mri_tessellate.c,v 1.38.2.1 2016/07/26 18:46:38 zkaufman Exp $  User: saptaf1  Machine: c2b12  Platform: Linux  PlatformVersion: 3.10.0-1062.el7.x86_64  CompilerName: GCC  CompilerVersion: 40400 
ProgramName: mri_concatenate_lta.bin  ProgramArguments: -all-info  ProgramVersion: $Name: stable6 $  TimeStamp: 2024/08/07-16:44:36-GMT  BuildTimeStamp: Oct 20 2017 13:59:15  CVS: $Id: mri_concatenate_lta.c,v 1.16 2015/11/21 00:06:20 greve Exp $  User: saptaf1  Machine: c2b12  Platform: Linux  PlatformVersion: 3.10.0-1062.el7.x86_64  CompilerName: GCC  CompilerVersion: 40400 
ProgramName: mri_normalize_tp2  ProgramArguments: -all-info  ProgramVersion: $Name: stable6 $  TimeStamp: 2024/08/07-16:44:36-GMT  BuildTimeStamp: Oct 20 2017 13:59:15  CVS: $Id: mri_normalize_tp2.c,v 1.8 2011/03/02 00:04:23 nicks Exp $  User: saptaf1  Machine: c2b12  Platform: Linux  PlatformVersion: 3.10.0-1062.el7.x86_64  CompilerName: GCC  CompilerVersion: 40400 
ProgramName: mris_smooth  ProgramArguments: -all-info  ProgramVersion: $Name: stable6 $  TimeStamp: 2024/08/07-16:44:36-GMT  BuildTimeStamp: Oct 20 2017 13:59:15  CVS: $Id: mris_smooth.c,v 1.30 2014/01/21 18:48:21 fischl Exp $  User: saptaf1  Machine: c2b12  Platform: Linux  PlatformVersion: 3.10.0-1062.el7.x86_64  CompilerName: GCC  CompilerVersion: 40400 
ProgramName: mris_inflate  ProgramArguments: -all-info  ProgramVersion: $Name: stable6 $  TimeStamp: 2024/08/07-16:44:36-GMT  BuildTimeStamp: Oct 20 2017 13:59:15  CVS: $Id: mris_inflate.c,v 1.45 2016/01/20 23:42:15 greve Exp $  User: saptaf1  Machine: c2b12  Platform: Linux  PlatformVersion: 3.10.0-1062.el7.x86_64  CompilerName: GCC  CompilerVersion: 40400 
ProgramName: mris_curvature  ProgramArguments: -all-info  ProgramVersion: $Name: stable6 $  TimeStamp: 2024/08/07-16:44:36-GMT  BuildTimeStamp: Oct 20 2017 13:59:15  CVS: $Id: mris_curvature.c,v 1.31 2011/03/02 00:04:30 nicks Exp $  User: saptaf1  Machine: c2b12  Platform: Linux  PlatformVersion: 3.10.0-1062.el7.x86_64  CompilerName: GCC  CompilerVersion: 40400 
ProgramName: mris_sphere  ProgramArguments: -all-info  ProgramVersion: $Name: stable6 $  TimeStamp: 2024/08/07-16:44:37-GMT  BuildTimeStamp: Oct 20 2017 13:59:15  CVS: $Id: mris_sphere.c,v 1.61 2016/01/20 23:42:15 greve Exp $  User: saptaf1  Machine: c2b12  Platform: Linux  PlatformVersion: 3.10.0-1062.el7.x86_64  CompilerName: GCC  CompilerVersion: 40400 
ProgramName: mris_fix_topology  ProgramArguments: -all-info  ProgramVersion: $Name:  $  TimeStamp: 2024/08/07-16:44:37-GMT  BuildTimeStamp: Oct 20 2017 13:59:15  CVS: $Id: mris_fix_topology.c,v 1.50.2.1 2016/10/27 22:25:58 zkaufman Exp $  User: saptaf1  Machine: c2b12  Platform: Linux  PlatformVersion: 3.10.0-1062.el7.x86_64  CompilerName: GCC  CompilerVersion: 40400 
ProgramName: mris_topo_fixer  ProgramArguments: -all-info  ProgramVersion: $Name: stable6 $  TimeStamp: 2024/08/07-16:44:37-GMT  BuildTimeStamp: Oct 20 2017 13:59:15  CVS: $Id: mris_topo_fixer.cpp,v 1.29 2011/03/02 00:04:34 nicks Exp $  User: saptaf1  Machine: c2b12  Platform: Linux  PlatformVersion: 3.10.0-1062.el7.x86_64  CompilerName: GCC  CompilerVersion: 40400 
ProgramName: mris_ca_label  ProgramArguments: -all-info  ProgramVersion: $Name: stable6 $  TimeStamp: 2024/08/07-16:44:37-GMT  BuildTimeStamp: Oct 20 2017 13:59:15  CVS: $Id: mris_ca_label.c,v 1.37 2014/02/04 17:46:42 fischl Exp $  User: saptaf1  Machine: c2b12  Platform: Linux  PlatformVersion: 3.10.0-1062.el7.x86_64  CompilerName: GCC  CompilerVersion: 40400 
ProgramName: mris_euler_number  ProgramArguments: -all-info  ProgramVersion: $Name: stable6 $  TimeStamp: 2024/08/07-16:44:37-GMT  BuildTimeStamp: Oct 20 2017 13:59:15  CVS: $Id: mris_euler_number.c,v 1.10 2013/01/14 22:39:14 greve Exp $  User: saptaf1  Machine: c2b12  Platform: Linux  PlatformVersion: 3.10.0-1062.el7.x86_64  CompilerName: GCC  CompilerVersion: 40400 
ProgramName: mris_make_surfaces  ProgramArguments: -all-info  ProgramVersion: $Name:  $  TimeStamp: 2024/08/07-16:44:37-GMT  BuildTimeStamp: Oct 20 2017 13:59:15  CVS: $Id: mris_make_surfaces.c,v 1.164.2.4 2016/12/13 22:26:32 zkaufman Exp $  User: saptaf1  Machine: c2b12  Platform: Linux  PlatformVersion: 3.10.0-1062.el7.x86_64  CompilerName: GCC  CompilerVersion: 40400 
ProgramName: mris_register  ProgramArguments: -all-info  ProgramVersion: $Name: stable6 $  TimeStamp: 2024/08/07-16:44:37-GMT  BuildTimeStamp: Oct 20 2017 13:59:15  CVS: $Id: mris_register.c,v 1.63 2016/01/20 23:43:04 greve Exp $  User: saptaf1  Machine: c2b12  Platform: Linux  PlatformVersion: 3.10.0-1062.el7.x86_64  CompilerName: GCC  CompilerVersion: 40400 
ProgramName: mris_volmask  ProgramArguments: --all-info  ProgramVersion: $Name:  $  TimeStamp: 2024/08/07-16:44:37-GMT  BuildTimeStamp: Oct 20 2017 13:59:15  CVS: $Id: mris_volmask.cpp,v 1.26.2.2 2016/11/18 20:05:18 zkaufman Exp $  User: saptaf1  Machine: c2b12  Platform: Linux  PlatformVersion: 3.10.0-1062.el7.x86_64  CompilerName: GCC  CompilerVersion: 40400 
ProgramName: mris_anatomical_stats  ProgramArguments: -all-info  ProgramVersion: $Name: stable6 $  TimeStamp: 2024/08/07-16:44:37-GMT  BuildTimeStamp: Oct 20 2017 13:59:15  CVS: $Id: mris_anatomical_stats.c,v 1.79 2016/03/14 15:15:34 greve Exp $  User: saptaf1  Machine: c2b12  Platform: Linux  PlatformVersion: 3.10.0-1062.el7.x86_64  CompilerName: GCC  CompilerVersion: 40400 
ProgramName: mrisp_paint  ProgramArguments: -all-info  ProgramVersion: $Name: stable6 $  TimeStamp: 2024/08/07-16:44:37-GMT  BuildTimeStamp: Oct 20 2017 13:59:15  CVS: $Id: mrisp_paint.c,v 1.12 2016/03/22 14:47:57 fischl Exp $  User: saptaf1  Machine: c2b12  Platform: Linux  PlatformVersion: 3.10.0-1062.el7.x86_64  CompilerName: GCC  CompilerVersion: 40400 
ProgramName: mris_curvature_stats  ProgramArguments: -all-info  ProgramVersion: $Name: stable6 $  TimeStamp: 2024/08/07-16:44:38-GMT  BuildTimeStamp: Oct 20 2017 13:59:15  CVS: $Id: mris_curvature_stats.c,v 1.65 2015/06/04 20:50:51 nicks Exp $  User: saptaf1  Machine: c2b12  Platform: Linux  PlatformVersion: 3.10.0-1062.el7.x86_64  CompilerName: GCC  CompilerVersion: 40400 
ProgramName: mris_calc  ProgramArguments: -all-info  ProgramVersion: $Name: stable6 $  TimeStamp: 2024/08/07-16:44:38-GMT  BuildTimeStamp: Oct 20 2017 13:59:15  CVS: $Id: mris_calc.c,v 1.54.2.1 2016/09/27 18:51:28 greve Exp $  User: saptaf1  Machine: c2b12  Platform: Linux  PlatformVersion: 3.10.0-1062.el7.x86_64  CompilerName: GCC  CompilerVersion: 40400 
$Id: mri_robust_register.cpp,v 1.77 2016/01/20 23:36:17 greve Exp $

ProgramName: mri_robust_register.bin  ProgramArguments: -all-info  ProgramVersion: $Name: stable6 $  TimeStamp: 2024/08/07-16:44:38-GMT  BuildTimeStamp: Oct 20 2017 13:59:15  CVS: $Id: mri_robust_register.cpp,v 1.77 2016/01/20 23:36:17 greve Exp $  User: saptaf1  Machine: c2b12  Platform: Linux  PlatformVersion: 3.10.0-1062.el7.x86_64  CompilerName: GCC  CompilerVersion: 40400 
$Id: mri_robust_template.cpp,v 1.54 2016/05/05 21:17:08 mreuter Exp $

ProgramName: mri_robust_template  ProgramArguments: -all-info  ProgramVersion: $Name: stable6 $  TimeStamp: 2024/08/07-16:44:38-GMT  BuildTimeStamp: Oct 20 2017 13:59:15  CVS: $Id: mri_robust_template.cpp,v 1.54 2016/05/05 21:17:08 mreuter Exp $  User: saptaf1  Machine: c2b12  Platform: Linux  PlatformVersion: 3.10.0-1062.el7.x86_64  CompilerName: GCC  CompilerVersion: 40400 
ProgramName: mri_and  ProgramArguments: -all-info  ProgramVersion: $Name: stable6 $  TimeStamp: 2024/08/07-16:44:38-GMT  BuildTimeStamp: Oct 20 2017 13:59:15  CVS: $Id: mri_and.c,v 1.4 2011/03/02 00:04:13 nicks Exp $  User: saptaf1  Machine: c2b12  Platform: Linux  PlatformVersion: 3.10.0-1062.el7.x86_64  CompilerName: GCC  CompilerVersion: 40400 
ProgramName: mri_or  ProgramArguments: -all-info  ProgramVersion: $Name: stable6 $  TimeStamp: 2024/08/07-16:44:38-GMT  BuildTimeStamp: Oct 20 2017 13:59:15  CVS: $Id: mri_or.c,v 1.5 2013/03/20 15:03:29 lzollei Exp $  User: saptaf1  Machine: c2b12  Platform: Linux  PlatformVersion: 3.10.0-1062.el7.x86_64  CompilerName: GCC  CompilerVersion: 40400 
ProgramName: mri_fuse_segmentations  ProgramArguments: -all-info  ProgramVersion: $Name: stable6 $  TimeStamp: 2024/08/07-16:44:38-GMT  BuildTimeStamp: Oct 20 2017 13:59:15  CVS: $Id: mri_fuse_segmentations.c,v 1.8 2011/03/02 00:04:15 nicks Exp $  User: saptaf1  Machine: c2b12  Platform: Linux  PlatformVersion: 3.10.0-1062.el7.x86_64  CompilerName: GCC  CompilerVersion: 40400 
ProgramName: mri_segstats  ProgramArguments: -all-info  ProgramVersion: $Name: stable6 $  TimeStamp: 2024/08/07-16:44:38-GMT  BuildTimeStamp: Oct 20 2017 13:59:15  CVS: $Id: mri_segstats.c,v 1.121 2016/05/31 17:27:11 greve Exp $  User: saptaf1  Machine: c2b12  Platform: Linux  PlatformVersion: 3.10.0-1062.el7.x86_64  CompilerName: GCC  CompilerVersion: 40400 
ProgramName: mri_relabel_hypointensities  ProgramArguments: -all-info  ProgramVersion: $Name: stable6 $  TimeStamp: 2024/08/07-16:44:39-GMT  BuildTimeStamp: Oct 20 2017 13:59:15  CVS: $Id: mri_relabel_hypointensities.c,v 1.13 2015/05/15 18:44:10 nicks Exp $  User: saptaf1  Machine: c2b12  Platform: Linux  PlatformVersion: 3.10.0-1062.el7.x86_64  CompilerName: GCC  CompilerVersion: 40400 
#######################################
GCADIR /opt/freesurfer/average
GCA RB_all_2016-05-10.vc700.gca
GCASkull RB_all_withskull_2016-05-10.vc700.gca
AvgCurvTif folding.atlas.acfb40.noaparc.i12.2016-08-02.tif
GCSDIR /opt/freesurfer/average
GCS DKaparc.atlas.acfb40.noaparc.i12.2016-08-02.gcs
#######################################
/cubric/collab/487_mvpa/poppy-effex/dataset/derivatives/freesurfer/6.0.1/output/ses-1/sub-126BPCP021002

 mri_convert /cubric/collab/487_mvpa/poppy-effex/dataset/bids/sub-126BPCP021002/ses-1/anat/sub-126BPCP021002_ses-1_acq-mprage_T1w.nii.gz /cubric/collab/487_mvpa/poppy-effex/dataset/derivatives/freesurfer/6.0.1/output/ses-1/sub-126BPCP021002/mri/orig/001.mgz 

mri_convert.bin /cubric/collab/487_mvpa/poppy-effex/dataset/bids/sub-126BPCP021002/ses-1/anat/sub-126BPCP021002_ses-1_acq-mprage_T1w.nii.gz /cubric/collab/487_mvpa/poppy-effex/dataset/derivatives/freesurfer/6.0.1/output/ses-1/sub-126BPCP021002/mri/orig/001.mgz 
$Id: mri_convert.c,v 1.226 2016/02/26 16:15:24 mreuter Exp $
reading from /cubric/collab/487_mvpa/poppy-effex/dataset/bids/sub-126BPCP021002/ses-1/anat/sub-126BPCP021002_ses-1_acq-mprage_T1w.nii.gz...
TR=1970.00, TE=0.00, TI=0.00, flip angle=0.00
i_ras = (0.999746, -0.00147602, 0.0225066)
j_ras = (0.00340512, 0.996296, -0.0859173)
k_ras = (-0.0222964, 0.0859721, 0.996048)
writing to /cubric/collab/487_mvpa/poppy-effex/dataset/derivatives/freesurfer/6.0.1/output/ses-1/sub-126BPCP021002/mri/orig/001.mgz...
#--------------------------------------------
#@# MotionCor Wed Aug  7 17:44:43 BST 2024
Found 1 runs
/cubric/collab/487_mvpa/poppy-effex/dataset/derivatives/freesurfer/6.0.1/output/ses-1/sub-126BPCP021002/mri/orig/001.mgz
Checking for (invalid) multi-frame inputs...
WARNING: only one run found. This is OK, but motion
correction cannot be performed on one run, so I'll
copy the run to rawavg and continue.

 cp /cubric/collab/487_mvpa/poppy-effex/dataset/derivatives/freesurfer/6.0.1/output/ses-1/sub-126BPCP021002/mri/orig/001.mgz /cubric/collab/487_mvpa/poppy-effex/dataset/derivatives/freesurfer/6.0.1/output/ses-1/sub-126BPCP021002/mri/rawavg.mgz 

/cubric/collab/487_mvpa/poppy-effex/dataset/derivatives/freesurfer/6.0.1/output/ses-1/sub-126BPCP021002

 mri_convert /cubric/collab/487_mvpa/poppy-effex/dataset/derivatives/freesurfer/6.0.1/output/ses-1/sub-126BPCP021002/mri/rawavg.mgz /cubric/collab/487_mvpa/poppy-effex/dataset/derivatives/freesurfer/6.0.1/output/ses-1/sub-126BPCP021002/mri/orig.mgz --conform_min 

mri_convert.bin /cubric/collab/487_mvpa/poppy-effex/dataset/derivatives/freesurfer/6.0.1/output/ses-1/sub-126BPCP021002/mri/rawavg.mgz /cubric/collab/487_mvpa/poppy-effex/dataset/derivatives/freesurfer/6.0.1/output/ses-1/sub-126BPCP021002/mri/orig.mgz --conform_min 
$Id: mri_convert.c,v 1.226 2016/02/26 16:15:24 mreuter Exp $
reading from /cubric/collab/487_mvpa/poppy-effex/dataset/derivatives/freesurfer/6.0.1/output/ses-1/sub-126BPCP021002/mri/rawavg.mgz...
TR=1970.00, TE=0.00, TI=0.00, flip angle=0.00
i_ras = (0.999746, -0.00147602, 0.0225066)
j_ras = (0.00340512, 0.996296, -0.0859173)
k_ras = (-0.0222964, 0.0859721, 0.996048)
changing data type from float to uchar (noscale = 0)...
MRIchangeType: Building histogram 
Reslicing using trilinear interpolation 
writing to /cubric/collab/487_mvpa/poppy-effex/dataset/derivatives/freesurfer/6.0.1/output/ses-1/sub-126BPCP021002/mri/orig.mgz...

 mri_add_xform_to_header -c /cubric/collab/487_mvpa/poppy-effex/dataset/derivatives/freesurfer/6.0.1/output/ses-1/sub-126BPCP021002/mri/transforms/talairach.xfm /cubric/collab/487_mvpa/poppy-effex/dataset/derivatives/freesurfer/6.0.1/output/ses-1/sub-126BPCP021002/mri/orig.mgz /cubric/collab/487_mvpa/poppy-effex/dataset/derivatives/freesurfer/6.0.1/output/ses-1/sub-126BPCP021002/mri/orig.mgz 

INFO: extension is mgz
#--------------------------------------------
#@# Talairach Wed Aug  7 17:44:54 BST 2024
/cubric/collab/487_mvpa/poppy-effex/dataset/derivatives/freesurfer/6.0.1/output/ses-1/sub-126BPCP021002/mri

 mri_nu_correct.mni --no-rescale --i orig.mgz --o orig_nu.mgz --n 1 --proto-iters 1000 --distance 50 

/cubric/collab/487_mvpa/poppy-effex/dataset/derivatives/freesurfer/6.0.1/output/ses-1/sub-126BPCP021002/mri
/opt/freesurfer/bin/mri_nu_correct.mni
--no-rescale --i orig.mgz --o orig_nu.mgz --n 1 --proto-iters 1000 --distance 50
nIters 1
$Id: mri_nu_correct.mni,v 1.27 2016/02/26 16:19:49 mreuter Exp $
Linux c2b12 3.10.0-1062.el7.x86_64 #1 SMP Wed Aug 7 18:08:02 UTC 2019 x86_64 x86_64 x86_64 GNU/Linux
Wed Aug  7 17:44:54 BST 2024
Program nu_correct, built from:
Package MNI N3, version 1.12.0, compiled by nicks@terrier (x86_64-unknown-linux-gnu) on 2015-06-19 at 01:25:34
/usr/bin/bc
tmpdir is ./tmp.mri_nu_correct.mni.23819
/cubric/collab/487_mvpa/poppy-effex/dataset/derivatives/freesurfer/6.0.1/output/ses-1/sub-126BPCP021002/mri
mri_convert orig.mgz ./tmp.mri_nu_correct.mni.23819/nu0.mnc -odt float
mri_convert.bin orig.mgz ./tmp.mri_nu_correct.mni.23819/nu0.mnc -odt float 
$Id: mri_convert.c,v 1.226 2016/02/26 16:15:24 mreuter Exp $
reading from orig.mgz...
TR=1970.00, TE=0.00, TI=0.00, flip angle=0.00
i_ras = (-1, -1.29575e-10, 2.0732e-09)
j_ras = (-2.0732e-09, 8.29282e-09, -1)
k_ras = (0, 1, 8.29282e-09)
changing data type from uchar to float (noscale = 0)...
writing to ./tmp.mri_nu_correct.mni.23819/nu0.mnc...
 
--------------------------------------------------------
Iteration 1 Wed Aug  7 17:44:56 BST 2024
nu_correct -clobber ./tmp.mri_nu_correct.mni.23819/nu0.mnc ./tmp.mri_nu_correct.mni.23819/nu1.mnc -tmpdir ./tmp.mri_nu_correct.mni.23819/0/ -iterations 1000 -distance 50
[saptaf1@c2b12:/cubric/collab/487_mvpa/poppy-effex/dataset/derivatives/freesurfer/6.0.1/output/ses-1/sub-126BPCP021002/mri/] [2024-08-07 17:44:57] running:
  /opt/freesurfer/mni/bin/nu_estimate_np_and_em -parzen -log -sharpen 0.15 0.01 -iterations 1000 -stop 0.001 -shrink 4 -auto_mask -nonotify -b_spline 1.0e-7 -distance 50 -quiet -execute -clobber -nokeeptmp -tmpdir ./tmp.mri_nu_correct.mni.23819/0/ ./tmp.mri_nu_correct.mni.23819/nu0.mnc ./tmp.mri_nu_correct.mni.23819/nu1.imp

Processing:.................................................................Done
Processing:.................................................................Done
Processing:.................................................................Done
Processing:.................................................................Done
Processing:.................................................................Done
Processing:.................................................................Done
Processing:.................................................................Done
Processing:.................................................................Done
Processing:.................................................................Done
Processing:.................................................................Done
Processing:.................................................................Done
Processing:.................................................................Done
Processing:.................................................................Done
Processing:.................................................................Done
Processing:.................................................................Done
Processing:.................................................................Done
Processing:.................................................................Done
Processing:.................................................................Done
Processing:.................................................................Done
Processing:.................................................................Done
Processing:.................................................................Done
Processing:.................................................................Done
Processing:.................................................................Done
Processing:.................................................................Done
Processing:.................................................................Done
Processing:.................................................................Done
Processing:.................................................................Done
Processing:.................................................................Done
Processing:.................................................................Done
Processing:.................................................................Done
Processing:.................................................................Done
Processing:.................................................................Done
Processing:.................................................................Done
Processing:.................................................................Done
Processing:.................................................................Done
Processing:.................................................................Done
Processing:.................................................................Done
Processing:.................................................................Done
Processing:.................................................................Done
Processing:.................................................................Done
Processing:.................................................................Done
Processing:.................................................................Done
Processing:.................................................................Done
Processing:.................................................................Done
Processing:.................................................................Done
Processing:.................................................................Done
Processing:.................................................................Done
Processing:.................................................................Done
Processing:.................................................................Done
Processing:.................................................................Done
Processing:.................................................................Done
Processing:.................................................................Done
Processing:.................................................................Done
Processing:.................................................................Done
Processing:.................................................................Done
Processing:.................................................................Done
Processing:.................................................................Done
Processing:.................................................................Done
Processing:.................................................................Done
Processing:.................................................................Done
Processing:.................................................................Done
Processing:.................................................................Done
Processing:.................................................................Done
Processing:.................................................................Done
Processing:.................................................................Done
Processing:.................................................................Done
Processing:.................................................................Done
Processing:.................................................................Done
Number of iterations: 68 
CV of field change: 0.000948988
 
 
 
mri_convert ./tmp.mri_nu_correct.mni.23819/nu1.mnc orig_nu.mgz --like orig.mgz --conform
mri_convert.bin ./tmp.mri_nu_correct.mni.23819/nu1.mnc orig_nu.mgz --like orig.mgz --conform 
$Id: mri_convert.c,v 1.226 2016/02/26 16:15:24 mreuter Exp $
reading from ./tmp.mri_nu_correct.mni.23819/nu1.mnc...
TR=0.00, TE=0.00, TI=0.00, flip angle=0.00
i_ras = (-1, -1.29575e-10, 2.0732e-09)
j_ras = (-2.0732e-09, 8.29282e-09, -1)
k_ras = (0, 1, 8.29282e-09)
INFO: transform src into the like-volume: orig.mgz
changing data type from float to uchar (noscale = 0)...
MRIchangeType: Building histogram 
writing to orig_nu.mgz...
 
 
Wed Aug  7 17:46:36 BST 2024
mri_nu_correct.mni done

 talairach_avi --i orig_nu.mgz --xfm transforms/talairach.auto.xfm 

talairach_avi log file is transforms/talairach_avi.log...
Started at Wed Aug 7 17:46:36 BST 2024
Ended   at Wed Aug  7 17:47:15 BST 2024
talairach_avi done

 cp transforms/talairach.auto.xfm transforms/talairach.xfm 

#--------------------------------------------
#@# Talairach Failure Detection Wed Aug  7 17:47:17 BST 2024
/cubric/collab/487_mvpa/poppy-effex/dataset/derivatives/freesurfer/6.0.1/output/ses-1/sub-126BPCP021002/mri

 talairach_afd -T 0.005 -xfm transforms/talairach.xfm 

talairach_afd: Talairach Transform: transforms/talairach.xfm OK (p=0.6640, pval=0.3663 >= threshold=0.0050)

 awk -f /opt/freesurfer/bin/extract_talairach_avi_QA.awk /cubric/collab/487_mvpa/poppy-effex/dataset/derivatives/freesurfer/6.0.1/output/ses-1/sub-126BPCP021002/mri/transforms/talairach_avi.log 


 tal_QC_AZS /cubric/collab/487_mvpa/poppy-effex/dataset/derivatives/freesurfer/6.0.1/output/ses-1/sub-126BPCP021002/mri/transforms/talairach_avi.log 

TalAviQA: 0.97018
z-score: -1
#--------------------------------------------
#@# Nu Intensity Correction Wed Aug  7 17:47:17 BST 2024

 mri_nu_correct.mni --i orig.mgz --o nu.mgz --uchar transforms/talairach.xfm --cm --n 2 

/cubric/collab/487_mvpa/poppy-effex/dataset/derivatives/freesurfer/6.0.1/output/ses-1/sub-126BPCP021002/mri
/opt/freesurfer/bin/mri_nu_correct.mni
--i orig.mgz --o nu.mgz --uchar transforms/talairach.xfm --cm --n 2
nIters 2
$Id: mri_nu_correct.mni,v 1.27 2016/02/26 16:19:49 mreuter Exp $
Linux c2b12 3.10.0-1062.el7.x86_64 #1 SMP Wed Aug 7 18:08:02 UTC 2019 x86_64 x86_64 x86_64 GNU/Linux
Wed Aug  7 17:47:17 BST 2024
Program nu_correct, built from:
Package MNI N3, version 1.12.0, compiled by nicks@terrier (x86_64-unknown-linux-gnu) on 2015-06-19 at 01:25:34
/usr/bin/bc
tmpdir is ./tmp.mri_nu_correct.mni.24957
/cubric/collab/487_mvpa/poppy-effex/dataset/derivatives/freesurfer/6.0.1/output/ses-1/sub-126BPCP021002/mri
mri_convert -cm orig.mgz ./tmp.mri_nu_correct.mni.24957/nu0.mnc -odt float
mri_convert.bin -cm orig.mgz ./tmp.mri_nu_correct.mni.24957/nu0.mnc -odt float 
$Id: mri_convert.c,v 1.226 2016/02/26 16:15:24 mreuter Exp $
reading from orig.mgz...
TR=1970.00, TE=0.00, TI=0.00, flip angle=0.00
i_ras = (-1, -1.29575e-10, 2.0732e-09)
j_ras = (-2.0732e-09, 8.29282e-09, -1)
k_ras = (0, 1, 8.29282e-09)
changing data type from uchar to float (noscale = 0)...
writing to ./tmp.mri_nu_correct.mni.24957/nu0.mnc...
 
--------------------------------------------------------
Iteration 1 Wed Aug  7 17:47:20 BST 2024
nu_correct -clobber ./tmp.mri_nu_correct.mni.24957/nu0.mnc ./tmp.mri_nu_correct.mni.24957/nu1.mnc -tmpdir ./tmp.mri_nu_correct.mni.24957/0/
[saptaf1@c2b12:/cubric/collab/487_mvpa/poppy-effex/dataset/derivatives/freesurfer/6.0.1/output/ses-1/sub-126BPCP021002/mri/] [2024-08-07 17:47:20] running:
  /opt/freesurfer/mni/bin/nu_estimate_np_and_em -parzen -log -sharpen 0.15 0.01 -iterations 50 -stop 0.001 -shrink 4 -auto_mask -nonotify -b_spline 1.0e-7 -distance 200 -quiet -execute -clobber -nokeeptmp -tmpdir ./tmp.mri_nu_correct.mni.24957/0/ ./tmp.mri_nu_correct.mni.24957/nu0.mnc ./tmp.mri_nu_correct.mni.24957/nu1.imp

Processing:.................................................................Done
Processing:.................................................................Done
Processing:.................................................................Done
Processing:.................................................................Done
Processing:.................................................................Done
Processing:.................................................................Done
Processing:.................................................................Done
Processing:.................................................................Done
Processing:.................................................................Done
Processing:.................................................................Done
Processing:.................................................................Done
Processing:.................................................................Done
Processing:.................................................................Done
Processing:.................................................................Done
Processing:.................................................................Done
Processing:.................................................................Done
Processing:.................................................................Done
Processing:.................................................................Done
Processing:.................................................................Done
Processing:.................................................................Done
Processing:.................................................................Done
Processing:.................................................................Done
Processing:.................................................................Done
Processing:.................................................................Done
Processing:.................................................................Done
Processing:.................................................................Done
Processing:.................................................................Done
Processing:.................................................................Done
Processing:.................................................................Done
Processing:.................................................................Done
Processing:.................................................................Done
Processing:.................................................................Done
Processing:.................................................................Done
Processing:.................................................................Done
Processing:.................................................................Done
Processing:.................................................................Done
Processing:.................................................................Done
Processing:.................................................................Done
Processing:.................................................................Done
Processing:.................................................................Done
Processing:.................................................................Done
Processing:.................................................................Done
Processing:.................................................................Done
Processing:.................................................................Done
Processing:.................................................................Done
Processing:.................................................................Done
Processing:.................................................................Done
Processing:.................................................................Done
Processing:.................................................................Done
Processing:.................................................................Done
Number of iterations: 50 
CV of field change: 0.00210533
 
 
--------------------------------------------------------
Iteration 2 Wed Aug  7 17:48:26 BST 2024
nu_correct -clobber ./tmp.mri_nu_correct.mni.24957/nu1.mnc ./tmp.mri_nu_correct.mni.24957/nu2.mnc -tmpdir ./tmp.mri_nu_correct.mni.24957/1/
[saptaf1@c2b12:/cubric/collab/487_mvpa/poppy-effex/dataset/derivatives/freesurfer/6.0.1/output/ses-1/sub-126BPCP021002/mri/] [2024-08-07 17:48:26] running:
  /opt/freesurfer/mni/bin/nu_estimate_np_and_em -parzen -log -sharpen 0.15 0.01 -iterations 50 -stop 0.001 -shrink 4 -auto_mask -nonotify -b_spline 1.0e-7 -distance 200 -quiet -execute -clobber -nokeeptmp -tmpdir ./tmp.mri_nu_correct.mni.24957/1/ ./tmp.mri_nu_correct.mni.24957/nu1.mnc ./tmp.mri_nu_correct.mni.24957/nu2.imp

Processing:.................................................................Done
Processing:.................................................................Done
Processing:.................................................................Done
Processing:.................................................................Done
Processing:.................................................................Done
Processing:.................................................................Done
Processing:.................................................................Done
Processing:.................................................................Done
Processing:.................................................................Done
Processing:.................................................................Done
Processing:.................................................................Done
Processing:.................................................................Done
Processing:.................................................................Done
Processing:.................................................................Done
Processing:.................................................................Done
Processing:.................................................................Done
Processing:.................................................................Done
Processing:.................................................................Done
Processing:.................................................................Done
Processing:.................................................................Done
Number of iterations: 20 
CV of field change: 0.000980713
 
 
 
mri_binarize --i ./tmp.mri_nu_correct.mni.24957/nu2.mnc --min -1 --o ./tmp.mri_nu_correct.mni.24957/ones.mgz

$Id: mri_binarize.c,v 1.43 2016/06/09 20:46:21 greve Exp $
cwd /cubric/collab/487_mvpa/poppy-effex/dataset/derivatives/freesurfer/6.0.1/output/ses-1/sub-126BPCP021002/mri
cmdline mri_binarize.bin --i ./tmp.mri_nu_correct.mni.24957/nu2.mnc --min -1 --o ./tmp.mri_nu_correct.mni.24957/ones.mgz 
sysname  Linux
hostname c2b12
machine  x86_64
user     saptaf1

input      ./tmp.mri_nu_correct.mni.24957/nu2.mnc
frame      0
nErode3d   0
nErode2d   0
output     ./tmp.mri_nu_correct.mni.24957/ones.mgz
Binarizing based on threshold
min        -1
max        +infinity
binval        1
binvalnot     0
fstart = 0, fend = 0, nframes = 1
Found 16777216 values in range
Counting number of voxels in first frame
Found 16777216 voxels in final mask
Count: 16777216 12167019.000000 16777216 100.000000
mri_binarize done
mri_segstats --id 1 --seg ./tmp.mri_nu_correct.mni.24957/ones.mgz --i orig.mgz --sum ./tmp.mri_nu_correct.mni.24957/sum.junk --avgwf ./tmp.mri_nu_correct.mni.24957/input.mean.dat

$Id: mri_segstats.c,v 1.121 2016/05/31 17:27:11 greve Exp $
cwd 
cmdline mri_segstats --id 1 --seg ./tmp.mri_nu_correct.mni.24957/ones.mgz --i orig.mgz --sum ./tmp.mri_nu_correct.mni.24957/sum.junk --avgwf ./tmp.mri_nu_correct.mni.24957/input.mean.dat 
sysname  Linux
hostname c2b12
machine  x86_64
user     saptaf1
UseRobust  0
Loading ./tmp.mri_nu_correct.mni.24957/ones.mgz
Loading orig.mgz
Voxel Volume is 0.725211 mm^3
Generating list of segmentation ids
Found   1 segmentations
Computing statistics for each segmentation

Reporting on   1 segmentations
Using PrintSegStat
Computing spatial average of each frame
  0
Writing to ./tmp.mri_nu_correct.mni.24957/input.mean.dat
mri_segstats done
mri_segstats --id 1 --seg ./tmp.mri_nu_correct.mni.24957/ones.mgz --i ./tmp.mri_nu_correct.mni.24957/nu2.mnc --sum ./tmp.mri_nu_correct.mni.24957/sum.junk --avgwf ./tmp.mri_nu_correct.mni.24957/output.mean.dat

$Id: mri_segstats.c,v 1.121 2016/05/31 17:27:11 greve Exp $
cwd 
cmdline mri_segstats --id 1 --seg ./tmp.mri_nu_correct.mni.24957/ones.mgz --i ./tmp.mri_nu_correct.mni.24957/nu2.mnc --sum ./tmp.mri_nu_correct.mni.24957/sum.junk --avgwf ./tmp.mri_nu_correct.mni.24957/output.mean.dat 
sysname  Linux
hostname c2b12
machine  x86_64
user     saptaf1
UseRobust  0
Loading ./tmp.mri_nu_correct.mni.24957/ones.mgz
Loading ./tmp.mri_nu_correct.mni.24957/nu2.mnc
Voxel Volume is 0.725211 mm^3
Generating list of segmentation ids
Found   1 segmentations
Computing statistics for each segmentation

Reporting on   1 segmentations
Using PrintSegStat
Computing spatial average of each frame
  0
Writing to ./tmp.mri_nu_correct.mni.24957/output.mean.dat
mri_segstats done
mris_calc -o ./tmp.mri_nu_correct.mni.24957/nu2.mnc ./tmp.mri_nu_correct.mni.24957/nu2.mnc mul .89050758037913192796
Saving result to './tmp.mri_nu_correct.mni.24957/nu2.mnc' (type = MINC )                       [ ok ]
mri_convert ./tmp.mri_nu_correct.mni.24957/nu2.mnc nu.mgz --like orig.mgz
mri_convert.bin ./tmp.mri_nu_correct.mni.24957/nu2.mnc nu.mgz --like orig.mgz 
$Id: mri_convert.c,v 1.226 2016/02/26 16:15:24 mreuter Exp $
reading from ./tmp.mri_nu_correct.mni.24957/nu2.mnc...
TR=0.00, TE=0.00, TI=0.00, flip angle=0.00
i_ras = (-1, -1.29575e-10, 2.0732e-09)
j_ras = (-2.0732e-09, 8.29282e-09, -1)
k_ras = (0, 1, 8.29282e-09)
INFO: transform src into the like-volume: orig.mgz
writing to nu.mgz...
mri_make_uchar nu.mgz transforms/talairach.xfm nu.mgz
type change took 0 minutes and 9 seconds.
mapping ( 6, 169) to ( 3, 110)
 
 
Wed Aug  7 17:49:52 BST 2024
mri_nu_correct.mni done

 mri_add_xform_to_header -c /cubric/collab/487_mvpa/poppy-effex/dataset/derivatives/freesurfer/6.0.1/output/ses-1/sub-126BPCP021002/mri/transforms/talairach.xfm nu.mgz nu.mgz 

INFO: extension is mgz
#--------------------------------------------
#@# Intensity Normalization Wed Aug  7 17:49:53 BST 2024
/cubric/collab/487_mvpa/poppy-effex/dataset/derivatives/freesurfer/6.0.1/output/ses-1/sub-126BPCP021002/mri

 mri_normalize -g 1 -mprage -noconform nu.mgz T1.mgz 

using max gradient = 1.000
assuming input volume is MGH (Van der Kouwe) MP-RAGE
not interpolating and embedding volume to be 256^3...
reading from nu.mgz...
normalizing image...
talairach transform
 1.11018  -0.00287   0.03986  -4.40984;
 0.00870   0.94797   0.34095  -8.15112;
-0.03235  -0.27997   1.03739  -33.77422;
 0.00000   0.00000   0.00000   1.00000;
processing without aseg, no1d=0
MRInormInit(): 
INFO: Modifying talairach volume c_(r,a,s) based on average_305
MRInormalize(): 
MRIsplineNormalize(): npeaks = 19
Starting OpenSpline(): npoints = 19
building Voronoi diagram...
performing soap bubble smoothing, sigma = 8...

Iterating 2 times
---------------------------------
3d normalization pass 1 of 2
white matter peak found at 110
white matter peak found at 110
gm peak at 82 (82), valley at 56 (56)
csf peak at 41, setting threshold to 68
building Voronoi diagram...
performing soap bubble smoothing, sigma = 8...
---------------------------------
3d normalization pass 2 of 2
white matter peak found at 110
white matter peak found at 110
gm peak at 82 (82), valley at 21 (21)
csf peak at 42, setting threshold to 68
building Voronoi diagram...
performing soap bubble smoothing, sigma = 8...
Done iterating ---------------------------------
writing output to T1.mgz
3D bias adjustment took 2 minutes and 44 seconds.

Started at Wed Aug 7 17:44:34 BST 2024 
Ended   at Wed Aug 7 17:52:37 BST 2024
#@#%# recon-all-run-time-hours 0.134
recon-all -s sub-126BPCP021002 finished without error at Wed Aug  7 17:52:37 BST 2024



New invocation of recon-all 



Wed Aug  7 18:14:47 BST 2024
/cubric/collab/487_mvpa/poppy-effex/dataset/derivatives/freesurfer/6.0.1/output/ses-1/sub-126BPCP021002
/opt/freesurfer/bin/recon-all
-autorecon2-volonly -openmp 4 -subjid sub-126BPCP021002 -sd /cubric/collab/487_mvpa/poppy-effex/dataset/derivatives/freesurfer/6.0.1/output/ses-1
subjid sub-126BPCP021002
setenv SUBJECTS_DIR /cubric/collab/487_mvpa/poppy-effex/dataset/derivatives/freesurfer/6.0.1/output/ses-1
FREESURFER_HOME /opt/freesurfer
Actual FREESURFER_HOME /opt/freesurfer
build-stamp.txt: freesurfer-Linux-centos6_x86_64-stable-pub-v6.0.1-f53a55a
Linux c2b12 3.10.0-1062.el7.x86_64 #1 SMP Wed Aug 7 18:08:02 UTC 2019 x86_64 x86_64 x86_64 GNU/Linux
cputime      unlimited
filesize     unlimited
datasize     unlimited
stacksize    8192 kbytes
coredumpsize 0 kbytes
memoryuse    196608000 kbytes
vmemoryuse   unlimited
descriptors  131072 
memorylocked 64 kbytes
maxproc      62172 
maxlocks     unlimited
maxsignal    772962 
maxmessage   819200 
maxnice      0 
maxrtprio    0 
maxrttime    unlimited

              total        used        free      shared  buff/cache   available
Mem:      197909688     4181120   185975492      160752     7753076   192746176
Swap:       4194300           0     4194300

########################################
program versions used
$Id: recon-all,v 1.580.2.16 2017/01/18 14:11:24 zkaufman Exp $
$Id: mri_motion_correct.fsl,v 1.15 2016/02/16 17:17:20 zkaufman Exp $
mri_convert.bin -all-info 
ProgramName: mri_convert.bin  ProgramArguments: -all-info  ProgramVersion: $Name: stable6 $  TimeStamp: 2024/08/07-17:14:47-GMT  BuildTimeStamp: Oct 20 2017 13:59:15  CVS: $Id: mri_convert.c,v 1.226 2016/02/26 16:15:24 mreuter Exp $  User: saptaf1  Machine: c2b12  Platform: Linux  PlatformVersion: 3.10.0-1062.el7.x86_64  CompilerName: GCC  CompilerVersion: 40400 
FLIRT version 5.5
$Id: talairach_avi,v 1.13 2015/12/23 04:25:17 greve Exp $
mri_convert.bin --version 
stable6
ProgramName: tkregister2_cmdl  ProgramArguments: --all-info  ProgramVersion: $Name: stable6 $  TimeStamp: 2024/08/07-17:14:47-GMT  BuildTimeStamp: Oct 20 2017 13:59:15  CVS: $Id: tkregister2.c,v 1.132.2.1 2016/08/02 21:17:29 greve Exp $  User: saptaf1  Machine: c2b12  Platform: Linux  PlatformVersion: 3.10.0-1062.el7.x86_64  CompilerName: GCC  CompilerVersion: 40400 
Program nu_correct, built from:
Package MNI N3, version 1.12.0, compiled by nicks@terrier (x86_64-unknown-linux-gnu) on 2015-06-19 at 01:25:34
ProgramName: mri_make_uchar  ProgramArguments: -all-info  ProgramVersion: $Name: stable6 $  TimeStamp: 2024/08/07-17:14:47-GMT  BuildTimeStamp: Oct 20 2017 13:59:15  CVS: $Id: mri_make_uchar.c,v 1.4 2011/03/02 00:04:14 nicks Exp $  User: saptaf1  Machine: c2b12  Platform: Linux  PlatformVersion: 3.10.0-1062.el7.x86_64  CompilerName: GCC  CompilerVersion: 40400 
ProgramName: mri_normalize  ProgramArguments: -all-info  ProgramVersion: $Name:  $  TimeStamp: 2024/08/07-17:14:47-GMT  BuildTimeStamp: Oct 20 2017 13:59:15  CVS: $Id: mri_normalize.c,v 1.88.2.3 2016/12/27 16:47:13 zkaufman Exp $  User: saptaf1  Machine: c2b12  Platform: Linux  PlatformVersion: 3.10.0-1062.el7.x86_64  CompilerName: GCC  CompilerVersion: 40400 
ProgramName: mri_watershed  ProgramArguments: -all-info  ProgramVersion: $Name: stable6 $  TimeStamp: 2024/08/07-17:14:47-GMT  BuildTimeStamp: Oct 20 2017 13:59:15  CVS: $Id: mri_watershed.cpp,v 1.103 2016/06/17 18:00:49 zkaufman Exp $  User: saptaf1  Machine: c2b12  Platform: Linux  PlatformVersion: 3.10.0-1062.el7.x86_64  CompilerName: GCC  CompilerVersion: 40400 
ProgramName: mri_gcut  ProgramArguments: -all-info  ProgramVersion: $Name: stable6 $  TimeStamp: 2024/08/07-17:14:47-GMT  BuildTimeStamp: Oct 20 2017 13:59:15  CVS: $Id: mri_gcut.cpp,v 1.14 2011/03/02 00:04:16 nicks Exp $  User: saptaf1  Machine: c2b12  Platform: Linux  PlatformVersion: 3.10.0-1062.el7.x86_64  CompilerName: GCC  CompilerVersion: 40400 
ProgramName: mri_segment  ProgramArguments: -all-info  ProgramVersion: $Name:  $  TimeStamp: 2024/08/07-17:14:47-GMT  BuildTimeStamp: Oct 20 2017 13:59:15  CVS: $Id: mri_segment.c,v 1.43.2.1 2016/10/27 22:24:52 zkaufman Exp $  User: saptaf1  Machine: c2b12  Platform: Linux  PlatformVersion: 3.10.0-1062.el7.x86_64  CompilerName: GCC  CompilerVersion: 40400 
ProgramName: mri_label2label.bin  ProgramArguments: -all-info  ProgramVersion: $Name:  $  TimeStamp: 2024/08/07-17:14:47-GMT  BuildTimeStamp: Oct 20 2017 13:59:15  CVS: $Id: mri_label2label.c,v 1.48.2.2 2016/12/12 14:15:26 zkaufman Exp $  User: saptaf1  Machine: c2b12  Platform: Linux  PlatformVersion: 3.10.0-1062.el7.x86_64  CompilerName: GCC  CompilerVersion: 40400 
ProgramName: mri_em_register  ProgramArguments: -all-info  ProgramVersion: $Name:  $  TimeStamp: 2024/08/07-17:14:47-GMT  BuildTimeStamp: Oct 20 2017 13:59:15  CVS: $Id: mri_em_register.c,v 1.105.2.1 2016/10/27 22:25:10 zkaufman Exp $  User: saptaf1  Machine: c2b12  Platform: Linux  PlatformVersion: 3.10.0-1062.el7.x86_64  CompilerName: GCC  CompilerVersion: 40400 
ProgramName: mri_ca_normalize  ProgramArguments: -all-info  ProgramVersion: $Name:  $  TimeStamp: 2024/08/07-17:14:47-GMT  BuildTimeStamp: Oct 20 2017 13:59:15  CVS: $Id: mri_ca_normalize.c,v 1.67.2.2 2016/10/27 22:25:09 zkaufman Exp $  User: saptaf1  Machine: c2b12  Platform: Linux  PlatformVersion: 3.10.0-1062.el7.x86_64  CompilerName: GCC  CompilerVersion: 40400 
ProgramName: mri_ca_register  ProgramArguments: -all-info  ProgramVersion: $Name:  $  TimeStamp: 2024/08/07-17:14:47-GMT  BuildTimeStamp: Oct 20 2017 13:59:15  CVS: $Id: mri_ca_register.c,v 1.96.2.3 2016/10/27 22:25:10 zkaufman Exp $  User: saptaf1  Machine: c2b12  Platform: Linux  PlatformVersion: 3.10.0-1062.el7.x86_64  CompilerName: GCC  CompilerVersion: 40400 
ProgramName: mri_ca_label  ProgramArguments: -all-info  ProgramVersion: $Name:  $  TimeStamp: 2024/08/07-17:14:47-GMT  BuildTimeStamp: Oct 20 2017 13:59:15  CVS: $Id: mri_ca_label.c,v 1.113.2.2 2016/10/27 22:25:10 zkaufman Exp $  User: saptaf1  Machine: c2b12  Platform: Linux  PlatformVersion: 3.10.0-1062.el7.x86_64  CompilerName: GCC  CompilerVersion: 40400 
ProgramName: mri_pretess  ProgramArguments: -all-info  ProgramVersion: $Name: stable6 $  TimeStamp: 2024/08/07-17:14:47-GMT  BuildTimeStamp: Oct 20 2017 13:59:15  CVS: $Id: mri_pretess.c,v 1.22 2013/08/30 18:12:25 mreuter Exp $  User: saptaf1  Machine: c2b12  Platform: Linux  PlatformVersion: 3.10.0-1062.el7.x86_64  CompilerName: GCC  CompilerVersion: 40400 
ProgramName: mri_fill  ProgramArguments: -all-info  ProgramVersion: $Name: stable6 $  TimeStamp: 2024/08/07-17:14:47-GMT  BuildTimeStamp: Oct 20 2017 13:59:15  CVS: $Id: mri_fill.c,v 1.119 2011/10/25 14:09:58 fischl Exp $  User: saptaf1  Machine: c2b12  Platform: Linux  PlatformVersion: 3.10.0-1062.el7.x86_64  CompilerName: GCC  CompilerVersion: 40400 
ProgramName: mri_tessellate  ProgramArguments: -all-info  ProgramVersion: $Name:  $  TimeStamp: 2024/08/07-17:14:47-GMT  BuildTimeStamp: Oct 20 2017 13:59:15  CVS: $Id: mri_tessellate.c,v 1.38.2.1 2016/07/26 18:46:38 zkaufman Exp $  User: saptaf1  Machine: c2b12  Platform: Linux  PlatformVersion: 3.10.0-1062.el7.x86_64  CompilerName: GCC  CompilerVersion: 40400 
ProgramName: mri_concatenate_lta.bin  ProgramArguments: -all-info  ProgramVersion: $Name: stable6 $  TimeStamp: 2024/08/07-17:14:47-GMT  BuildTimeStamp: Oct 20 2017 13:59:15  CVS: $Id: mri_concatenate_lta.c,v 1.16 2015/11/21 00:06:20 greve Exp $  User: saptaf1  Machine: c2b12  Platform: Linux  PlatformVersion: 3.10.0-1062.el7.x86_64  CompilerName: GCC  CompilerVersion: 40400 
ProgramName: mri_normalize_tp2  ProgramArguments: -all-info  ProgramVersion: $Name: stable6 $  TimeStamp: 2024/08/07-17:14:47-GMT  BuildTimeStamp: Oct 20 2017 13:59:15  CVS: $Id: mri_normalize_tp2.c,v 1.8 2011/03/02 00:04:23 nicks Exp $  User: saptaf1  Machine: c2b12  Platform: Linux  PlatformVersion: 3.10.0-1062.el7.x86_64  CompilerName: GCC  CompilerVersion: 40400 
ProgramName: mris_smooth  ProgramArguments: -all-info  ProgramVersion: $Name: stable6 $  TimeStamp: 2024/08/07-17:14:47-GMT  BuildTimeStamp: Oct 20 2017 13:59:15  CVS: $Id: mris_smooth.c,v 1.30 2014/01/21 18:48:21 fischl Exp $  User: saptaf1  Machine: c2b12  Platform: Linux  PlatformVersion: 3.10.0-1062.el7.x86_64  CompilerName: GCC  CompilerVersion: 40400 
ProgramName: mris_inflate  ProgramArguments: -all-info  ProgramVersion: $Name: stable6 $  TimeStamp: 2024/08/07-17:14:47-GMT  BuildTimeStamp: Oct 20 2017 13:59:15  CVS: $Id: mris_inflate.c,v 1.45 2016/01/20 23:42:15 greve Exp $  User: saptaf1  Machine: c2b12  Platform: Linux  PlatformVersion: 3.10.0-1062.el7.x86_64  CompilerName: GCC  CompilerVersion: 40400 
ProgramName: mris_curvature  ProgramArguments: -all-info  ProgramVersion: $Name: stable6 $  TimeStamp: 2024/08/07-17:14:47-GMT  BuildTimeStamp: Oct 20 2017 13:59:15  CVS: $Id: mris_curvature.c,v 1.31 2011/03/02 00:04:30 nicks Exp $  User: saptaf1  Machine: c2b12  Platform: Linux  PlatformVersion: 3.10.0-1062.el7.x86_64  CompilerName: GCC  CompilerVersion: 40400 
ProgramName: mris_sphere  ProgramArguments: -all-info  ProgramVersion: $Name: stable6 $  TimeStamp: 2024/08/07-17:14:47-GMT  BuildTimeStamp: Oct 20 2017 13:59:15  CVS: $Id: mris_sphere.c,v 1.61 2016/01/20 23:42:15 greve Exp $  User: saptaf1  Machine: c2b12  Platform: Linux  PlatformVersion: 3.10.0-1062.el7.x86_64  CompilerName: GCC  CompilerVersion: 40400 
ProgramName: mris_fix_topology  ProgramArguments: -all-info  ProgramVersion: $Name:  $  TimeStamp: 2024/08/07-17:14:47-GMT  BuildTimeStamp: Oct 20 2017 13:59:15  CVS: $Id: mris_fix_topology.c,v 1.50.2.1 2016/10/27 22:25:58 zkaufman Exp $  User: saptaf1  Machine: c2b12  Platform: Linux  PlatformVersion: 3.10.0-1062.el7.x86_64  CompilerName: GCC  CompilerVersion: 40400 
ProgramName: mris_topo_fixer  ProgramArguments: -all-info  ProgramVersion: $Name: stable6 $  TimeStamp: 2024/08/07-17:14:47-GMT  BuildTimeStamp: Oct 20 2017 13:59:15  CVS: $Id: mris_topo_fixer.cpp,v 1.29 2011/03/02 00:04:34 nicks Exp $  User: saptaf1  Machine: c2b12  Platform: Linux  PlatformVersion: 3.10.0-1062.el7.x86_64  CompilerName: GCC  CompilerVersion: 40400 
ProgramName: mris_ca_label  ProgramArguments: -all-info  ProgramVersion: $Name: stable6 $  TimeStamp: 2024/08/07-17:14:47-GMT  BuildTimeStamp: Oct 20 2017 13:59:15  CVS: $Id: mris_ca_label.c,v 1.37 2014/02/04 17:46:42 fischl Exp $  User: saptaf1  Machine: c2b12  Platform: Linux  PlatformVersion: 3.10.0-1062.el7.x86_64  CompilerName: GCC  CompilerVersion: 40400 
ProgramName: mris_euler_number  ProgramArguments: -all-info  ProgramVersion: $Name: stable6 $  TimeStamp: 2024/08/07-17:14:47-GMT  BuildTimeStamp: Oct 20 2017 13:59:15  CVS: $Id: mris_euler_number.c,v 1.10 2013/01/14 22:39:14 greve Exp $  User: saptaf1  Machine: c2b12  Platform: Linux  PlatformVersion: 3.10.0-1062.el7.x86_64  CompilerName: GCC  CompilerVersion: 40400 
ProgramName: mris_make_surfaces  ProgramArguments: -all-info  ProgramVersion: $Name:  $  TimeStamp: 2024/08/07-17:14:47-GMT  BuildTimeStamp: Oct 20 2017 13:59:15  CVS: $Id: mris_make_surfaces.c,v 1.164.2.4 2016/12/13 22:26:32 zkaufman Exp $  User: saptaf1  Machine: c2b12  Platform: Linux  PlatformVersion: 3.10.0-1062.el7.x86_64  CompilerName: GCC  CompilerVersion: 40400 
ProgramName: mris_register  ProgramArguments: -all-info  ProgramVersion: $Name: stable6 $  TimeStamp: 2024/08/07-17:14:47-GMT  BuildTimeStamp: Oct 20 2017 13:59:15  CVS: $Id: mris_register.c,v 1.63 2016/01/20 23:43:04 greve Exp $  User: saptaf1  Machine: c2b12  Platform: Linux  PlatformVersion: 3.10.0-1062.el7.x86_64  CompilerName: GCC  CompilerVersion: 40400 
ProgramName: mris_volmask  ProgramArguments: --all-info  ProgramVersion: $Name:  $  TimeStamp: 2024/08/07-17:14:47-GMT  BuildTimeStamp: Oct 20 2017 13:59:15  CVS: $Id: mris_volmask.cpp,v 1.26.2.2 2016/11/18 20:05:18 zkaufman Exp $  User: saptaf1  Machine: c2b12  Platform: Linux  PlatformVersion: 3.10.0-1062.el7.x86_64  CompilerName: GCC  CompilerVersion: 40400 
ProgramName: mris_anatomical_stats  ProgramArguments: -all-info  ProgramVersion: $Name: stable6 $  TimeStamp: 2024/08/07-17:14:47-GMT  BuildTimeStamp: Oct 20 2017 13:59:15  CVS: $Id: mris_anatomical_stats.c,v 1.79 2016/03/14 15:15:34 greve Exp $  User: saptaf1  Machine: c2b12  Platform: Linux  PlatformVersion: 3.10.0-1062.el7.x86_64  CompilerName: GCC  CompilerVersion: 40400 
ProgramName: mrisp_paint  ProgramArguments: -all-info  ProgramVersion: $Name: stable6 $  TimeStamp: 2024/08/07-17:14:47-GMT  BuildTimeStamp: Oct 20 2017 13:59:15  CVS: $Id: mrisp_paint.c,v 1.12 2016/03/22 14:47:57 fischl Exp $  User: saptaf1  Machine: c2b12  Platform: Linux  PlatformVersion: 3.10.0-1062.el7.x86_64  CompilerName: GCC  CompilerVersion: 40400 
ProgramName: mris_curvature_stats  ProgramArguments: -all-info  ProgramVersion: $Name: stable6 $  TimeStamp: 2024/08/07-17:14:47-GMT  BuildTimeStamp: Oct 20 2017 13:59:15  CVS: $Id: mris_curvature_stats.c,v 1.65 2015/06/04 20:50:51 nicks Exp $  User: saptaf1  Machine: c2b12  Platform: Linux  PlatformVersion: 3.10.0-1062.el7.x86_64  CompilerName: GCC  CompilerVersion: 40400 
ProgramName: mris_calc  ProgramArguments: -all-info  ProgramVersion: $Name: stable6 $  TimeStamp: 2024/08/07-17:14:47-GMT  BuildTimeStamp: Oct 20 2017 13:59:15  CVS: $Id: mris_calc.c,v 1.54.2.1 2016/09/27 18:51:28 greve Exp $  User: saptaf1  Machine: c2b12  Platform: Linux  PlatformVersion: 3.10.0-1062.el7.x86_64  CompilerName: GCC  CompilerVersion: 40400 
$Id: mri_robust_register.cpp,v 1.77 2016/01/20 23:36:17 greve Exp $

ProgramName: mri_robust_register.bin  ProgramArguments: -all-info  ProgramVersion: $Name: stable6 $  TimeStamp: 2024/08/07-17:14:47-GMT  BuildTimeStamp: Oct 20 2017 13:59:15  CVS: $Id: mri_robust_register.cpp,v 1.77 2016/01/20 23:36:17 greve Exp $  User: saptaf1  Machine: c2b12  Platform: Linux  PlatformVersion: 3.10.0-1062.el7.x86_64  CompilerName: GCC  CompilerVersion: 40400 
$Id: mri_robust_template.cpp,v 1.54 2016/05/05 21:17:08 mreuter Exp $

ProgramName: mri_robust_template  ProgramArguments: -all-info  ProgramVersion: $Name: stable6 $  TimeStamp: 2024/08/07-17:14:47-GMT  BuildTimeStamp: Oct 20 2017 13:59:15  CVS: $Id: mri_robust_template.cpp,v 1.54 2016/05/05 21:17:08 mreuter Exp $  User: saptaf1  Machine: c2b12  Platform: Linux  PlatformVersion: 3.10.0-1062.el7.x86_64  CompilerName: GCC  CompilerVersion: 40400 
ProgramName: mri_and  ProgramArguments: -all-info  ProgramVersion: $Name: stable6 $  TimeStamp: 2024/08/07-17:14:47-GMT  BuildTimeStamp: Oct 20 2017 13:59:15  CVS: $Id: mri_and.c,v 1.4 2011/03/02 00:04:13 nicks Exp $  User: saptaf1  Machine: c2b12  Platform: Linux  PlatformVersion: 3.10.0-1062.el7.x86_64  CompilerName: GCC  CompilerVersion: 40400 
ProgramName: mri_or  ProgramArguments: -all-info  ProgramVersion: $Name: stable6 $  TimeStamp: 2024/08/07-17:14:47-GMT  BuildTimeStamp: Oct 20 2017 13:59:15  CVS: $Id: mri_or.c,v 1.5 2013/03/20 15:03:29 lzollei Exp $  User: saptaf1  Machine: c2b12  Platform: Linux  PlatformVersion: 3.10.0-1062.el7.x86_64  CompilerName: GCC  CompilerVersion: 40400 
ProgramName: mri_fuse_segmentations  ProgramArguments: -all-info  ProgramVersion: $Name: stable6 $  TimeStamp: 2024/08/07-17:14:47-GMT  BuildTimeStamp: Oct 20 2017 13:59:15  CVS: $Id: mri_fuse_segmentations.c,v 1.8 2011/03/02 00:04:15 nicks Exp $  User: saptaf1  Machine: c2b12  Platform: Linux  PlatformVersion: 3.10.0-1062.el7.x86_64  CompilerName: GCC  CompilerVersion: 40400 
ProgramName: mri_segstats  ProgramArguments: -all-info  ProgramVersion: $Name: stable6 $  TimeStamp: 2024/08/07-17:14:47-GMT  BuildTimeStamp: Oct 20 2017 13:59:15  CVS: $Id: mri_segstats.c,v 1.121 2016/05/31 17:27:11 greve Exp $  User: saptaf1  Machine: c2b12  Platform: Linux  PlatformVersion: 3.10.0-1062.el7.x86_64  CompilerName: GCC  CompilerVersion: 40400 
ProgramName: mri_relabel_hypointensities  ProgramArguments: -all-info  ProgramVersion: $Name: stable6 $  TimeStamp: 2024/08/07-17:14:47-GMT  BuildTimeStamp: Oct 20 2017 13:59:15  CVS: $Id: mri_relabel_hypointensities.c,v 1.13 2015/05/15 18:44:10 nicks Exp $  User: saptaf1  Machine: c2b12  Platform: Linux  PlatformVersion: 3.10.0-1062.el7.x86_64  CompilerName: GCC  CompilerVersion: 40400 
#######################################
GCADIR /opt/freesurfer/average
GCA RB_all_2016-05-10.vc700.gca
GCASkull RB_all_withskull_2016-05-10.vc700.gca
AvgCurvTif folding.atlas.acfb40.noaparc.i12.2016-08-02.tif
GCSDIR /opt/freesurfer/average
GCS DKaparc.atlas.acfb40.noaparc.i12.2016-08-02.gcs
#######################################
#-------------------------------------
#@# EM Registration Wed Aug  7 18:14:47 BST 2024
/cubric/collab/487_mvpa/poppy-effex/dataset/derivatives/freesurfer/6.0.1/output/ses-1/sub-126BPCP021002/mri

 mri_em_register -rusage /cubric/collab/487_mvpa/poppy-effex/dataset/derivatives/freesurfer/6.0.1/output/ses-1/sub-126BPCP021002/touch/rusage.mri_em_register.dat -uns 3 -mask brainmask.mgz nu.mgz /opt/freesurfer/average/RB_all_2016-05-10.vc700.gca transforms/talairach.lta 

setting unknown_nbr_spacing = 3
using MR volume brainmask.mgz to mask input volume...

== Number of threads available to mri_em_register for OpenMP = 4 == 
reading 1 input volumes...
logging results to talairach.log
reading '/opt/freesurfer/average/RB_all_2016-05-10.vc700.gca'...
average std = 7.3   using min determinant for regularization = 5.3
0 singular and 841 ill-conditioned covariance matrices regularized
reading 'nu.mgz'...
INFO: MRImask() using MRImaskDifferentGeometry()
INFO: MRImask() using MRImaskDifferentGeometry()
INFO: MRImask() using MRImaskDifferentGeometry()
INFO: MRImask() using MRImaskDifferentGeometry()
INFO: MRImask() using MRImaskDifferentGeometry()
freeing gibbs priors...done.
accounting for voxel sizes in initial transform
bounding unknown intensity as < 6.3 or > 503.7 
total sample mean = 78.8 (1011 zeros)
************************************************
spacing=8, using 2830 sample points, tol=1.00e-05...
************************************************
register_mri: find_optimal_transform
find_optimal_transform: nsamples 2830, passno 0, spacing 8
resetting wm mean[0]: 98 --> 107
resetting gm mean[0]: 61 --> 61
input volume #1 is the most T1-like
using real data threshold=31.1
skull bounding box = (58, 23, 21) --> (198, 167, 215)
using (105, 71, 118) as brain centroid...
mean wm in atlas = 107, using box (88,53,94) --> (122, 88,141) to find MRI wm
before smoothing, mri peak at 105
robust fit to distribution - 105 +- 4.1
after smoothing, mri peak at 105, scaling input intensities by 1.019
scaling channel 0 by 1.01905
initial log_p = -4.668
************************************************
First Search limited to translation only.
************************************************
max log p =    -4.149271 @ (9.091, 27.273, -9.091)
max log p =    -3.969470 @ (-4.545, 13.636, 13.636)
max log p =    -3.918641 @ (2.273, -2.273, 2.273)
max log p =    -3.870603 @ (3.409, 1.136, -3.409)
max log p =    -3.867923 @ (-1.705, -1.705, 1.705)
max log p =    -3.867923 @ (0.000, 0.000, 0.000)
Found translation: (8.5, 38.1, 5.1): log p = -3.868
****************************************
Nine parameter search.  iteration 0 nscales = 0 ...
****************************************
Result so far: scale 1.000: max_log_p=-3.789, old_max_log_p =-3.868 (thresh=-3.9)
 0.96582   0.00000   0.00000  -0.37638;
 0.00000   0.86782   0.23253   7.87218;
 0.00000  -0.23253   0.86782   29.37930;
 0.00000   0.00000   0.00000   1.00000;
****************************************
Nine parameter search.  iteration 1 nscales = 0 ...
****************************************
Result so far: scale 1.000: max_log_p=-3.775, old_max_log_p =-3.789 (thresh=-3.8)
 0.96582   0.00000   0.00000  -0.37638;
 0.00000   0.95756   0.12606   18.45993;
 0.00000  -0.10847   0.82395   22.11769;
 0.00000   0.00000   0.00000   1.00000;
****************************************
Nine parameter search.  iteration 2 nscales = 0 ...
****************************************
Result so far: scale 1.000: max_log_p=-3.775, old_max_log_p =-3.775 (thresh=-3.8)
 0.96582   0.00000   0.00000  -0.37638;
 0.00000   0.95756   0.12606   18.45993;
 0.00000  -0.10847   0.82395   22.11769;
 0.00000   0.00000   0.00000   1.00000;
reducing scale to 0.2500
****************************************
Nine parameter search.  iteration 3 nscales = 1 ...
****************************************
Result so far: scale 0.250: max_log_p=-3.743, old_max_log_p =-3.775 (thresh=-3.8)
 0.94596   0.03389   0.03010  -2.26706;
-0.03453   0.99303   0.12774   17.75674;
-0.03326  -0.11285   0.83870   25.27352;
 0.00000   0.00000   0.00000   1.00000;
****************************************
Nine parameter search.  iteration 4 nscales = 1 ...
****************************************
Result so far: scale 0.250: max_log_p=-3.732, old_max_log_p =-3.743 (thresh=-3.7)
 0.96369   0.03452   0.03067  -4.69413;
-0.03453   0.99303   0.12774   17.75674;
-0.03326  -0.11285   0.83870   25.27352;
 0.00000   0.00000   0.00000   1.00000;
****************************************
Nine parameter search.  iteration 5 nscales = 1 ...
****************************************
Result so far: scale 0.250: max_log_p=-3.732, old_max_log_p =-3.732 (thresh=-3.7)
 0.96369   0.03452   0.03067  -4.69413;
-0.03453   0.99303   0.12774   17.75674;
-0.03326  -0.11285   0.83870   25.27352;
 0.00000   0.00000   0.00000   1.00000;
reducing scale to 0.0625
****************************************
Nine parameter search.  iteration 6 nscales = 2 ...
****************************************
Result so far: scale 0.062: max_log_p=-3.718, old_max_log_p =-3.732 (thresh=-3.7)
 0.96369   0.03452   0.03067  -4.69413;
-0.03480   0.99207   0.13458   16.65335;
-0.03294  -0.12085   0.83664   25.72746;
 0.00000   0.00000   0.00000   1.00000;
****************************************
Nine parameter search.  iteration 7 nscales = 2 ...
****************************************
Result so far: scale 0.062: max_log_p=-3.715, old_max_log_p =-3.718 (thresh=-3.7)
 0.96369   0.03452   0.03067  -4.69413;
-0.03480   0.99207   0.13458   16.65335;
-0.03301  -0.12113   0.83860   25.54531;
 0.00000   0.00000   0.00000   1.00000;
min search scale 0.025000 reached
***********************************************
Computing MAP estimate using 2830 samples...
***********************************************
dt = 5.00e-06, momentum=0.80, tol=1.00e-05
l_intensity = 1.0000
Aligning input volume to GCA...
Transform matrix
 0.96369   0.03452   0.03067  -4.69413;
-0.03480   0.99207   0.13458   16.65335;
-0.03301  -0.12113   0.83860   25.54531;
 0.00000   0.00000   0.00000   1.00000;
nsamples 2830
Quasinewton: input matrix
 0.96369   0.03452   0.03067  -4.69413;
-0.03480   0.99207   0.13458   16.65335;
-0.03301  -0.12113   0.83860   25.54531;
 0.00000   0.00000   0.00000   1.00000;
outof QuasiNewtonEMA: 010: -log(p) =   -0.0  tol 0.000010
Resulting transform:
 0.96369   0.03452   0.03067  -4.69413;
-0.03480   0.99207   0.13458   16.65335;
-0.03301  -0.12113   0.83860   25.54531;
 0.00000   0.00000   0.00000   1.00000;

pass 1, spacing 8: log(p) = -3.715 (old=-4.668)
transform before final EM align:
 0.96369   0.03452   0.03067  -4.69413;
-0.03480   0.99207   0.13458   16.65335;
-0.03301  -0.12113   0.83860   25.54531;
 0.00000   0.00000   0.00000   1.00000;

**************************************************
 EM alignment process ...
 Computing final MAP estimate using 315557 samples. 
**************************************************
dt = 5.00e-06, momentum=0.80, tol=1.00e-07
l_intensity = 1.0000
Aligning input volume to GCA...
Transform matrix
 0.96369   0.03452   0.03067  -4.69413;
-0.03480   0.99207   0.13458   16.65335;
-0.03301  -0.12113   0.83860   25.54531;
 0.00000   0.00000   0.00000   1.00000;
nsamples 315557
Quasinewton: input matrix
 0.96369   0.03452   0.03067  -4.69413;
-0.03480   0.99207   0.13458   16.65335;
-0.03301  -0.12113   0.83860   25.54531;
 0.00000   0.00000   0.00000   1.00000;
outof QuasiNewtonEMA: 012: -log(p) =    4.1  tol 0.000000
final transform:
 0.96369   0.03452   0.03067  -4.69413;
-0.03480   0.99207   0.13458   16.65335;
-0.03301  -0.12113   0.83860   25.54531;
 0.00000   0.00000   0.00000   1.00000;

writing output transformation to transforms/talairach.lta...
mri_em_register utimesec    1120.725746
mri_em_register stimesec    4.825694
mri_em_register ru_maxrss   599336
mri_em_register ru_ixrss    0
mri_em_register ru_idrss    0
mri_em_register ru_isrss    0
mri_em_register ru_minflt   1030133
mri_em_register ru_majflt   4
mri_em_register ru_nswap    0
mri_em_register ru_inblock  31072
mri_em_register ru_oublock  32
mri_em_register ru_msgsnd   0
mri_em_register ru_msgrcv   0
mri_em_register ru_nsignals 0
mri_em_register ru_nvcsw    802
mri_em_register ru_nivcsw   57525
registration took 5 minutes and 16 seconds.
#--------------------------------------
#@# CA Normalize Wed Aug  7 18:20:04 BST 2024
/cubric/collab/487_mvpa/poppy-effex/dataset/derivatives/freesurfer/6.0.1/output/ses-1/sub-126BPCP021002/mri

 mri_ca_normalize -c ctrl_pts.mgz -mask brainmask.mgz nu.mgz /opt/freesurfer/average/RB_all_2016-05-10.vc700.gca transforms/talairach.lta norm.mgz 

writing control point volume to ctrl_pts.mgz
using MR volume brainmask.mgz to mask input volume...
reading 1 input volume
reading atlas from '/opt/freesurfer/average/RB_all_2016-05-10.vc700.gca'...
reading transform from 'transforms/talairach.lta'...
reading input volume from nu.mgz...
INFO: MRImask() using MRImaskDifferentGeometry()
resetting wm mean[0]: 98 --> 107
resetting gm mean[0]: 61 --> 61
input volume #1 is the most T1-like
using real data threshold=31.1
skull bounding box = (58, 23, 21) --> (198, 167, 215)
using (105, 71, 118) as brain centroid...
mean wm in atlas = 107, using box (88,53,94) --> (122, 88,141) to find MRI wm
before smoothing, mri peak at 105
robust fit to distribution - 105 +- 4.1
after smoothing, mri peak at 105, scaling input intensities by 1.019
scaling channel 0 by 1.01905
using 246344 sample points...
INFO: compute sample coordinates transform
 0.96369   0.03452   0.03067  -4.69413;
-0.03480   0.99207   0.13458   16.65335;
-0.03301  -0.12113   0.83860   25.54531;
 0.00000   0.00000   0.00000   1.00000;
INFO: transform used
finding control points in Left_Cerebral_White_Matter....
found 39915 control points for structure...
bounding box (129, 25, 22) --> (198, 142, 219)
Left_Cerebral_White_Matter: limiting intensities to 96.0 --> 132.0
0 of 7640 (0.0%) samples deleted
finding control points in Right_Cerebral_White_Matter....
found 39557 control points for structure...
bounding box (62, 27, 20) --> (131, 141, 219)
Right_Cerebral_White_Matter: limiting intensities to 97.0 --> 132.0
0 of 7949 (0.0%) samples deleted
finding control points in Left_Cerebellum_White_Matter....
found 3059 control points for structure...
bounding box (130, 116, 53) --> (180, 160, 117)
Left_Cerebellum_White_Matter: limiting intensities to 99.0 --> 132.0
0 of 215 (0.0%) samples deleted
finding control points in Right_Cerebellum_White_Matter....
found 2705 control points for structure...
bounding box (82, 116, 49) --> (129, 157, 117)
Right_Cerebellum_White_Matter: limiting intensities to 102.0 --> 132.0
0 of 339 (0.0%) samples deleted
finding control points in Brain_Stem....
found 3518 control points for structure...
bounding box (110, 103, 95) --> (146, 175, 130)
Brain_Stem: limiting intensities to 90.0 --> 132.0
0 of 181 (0.0%) samples deleted
using 16324 total control points for intensity normalization...
bias field = 0.949 +- 0.057
79 of 16324 control points discarded
finding control points in Left_Cerebral_White_Matter....
found 39915 control points for structure...
bounding box (129, 25, 22) --> (198, 142, 219)
Left_Cerebral_White_Matter: limiting intensities to 89.0 --> 119.0
1 of 8458 (0.0%) samples deleted
finding control points in Right_Cerebral_White_Matter....
found 39557 control points for structure...
bounding box (62, 27, 20) --> (131, 141, 219)
Right_Cerebral_White_Matter: limiting intensities to 88.0 --> 119.0
6 of 8658 (0.1%) samples deleted
finding control points in Left_Cerebellum_White_Matter....
found 3059 control points for structure...
bounding box (130, 116, 53) --> (180, 160, 117)
Left_Cerebellum_White_Matter: limiting intensities to 88.0 --> 119.0
39 of 373 (10.5%) samples deleted
finding control points in Right_Cerebellum_White_Matter....
found 2705 control points for structure...
bounding box (82, 116, 49) --> (129, 157, 117)
Right_Cerebellum_White_Matter: limiting intensities to 88.0 --> 119.0
39 of 463 (8.4%) samples deleted
finding control points in Brain_Stem....
found 3518 control points for structure...
bounding box (110, 103, 95) --> (146, 175, 130)
Brain_Stem: limiting intensities to 88.0 --> 119.0
161 of 367 (43.9%) samples deleted
using 18319 total control points for intensity normalization...
bias field = 1.043 +- 0.045
89 of 18010 control points discarded
finding control points in Left_Cerebral_White_Matter....
found 39915 control points for structure...
bounding box (129, 25, 22) --> (198, 142, 219)
Left_Cerebral_White_Matter: limiting intensities to 90.0 --> 118.0
13 of 8516 (0.2%) samples deleted
finding control points in Right_Cerebral_White_Matter....
found 39557 control points for structure...
bounding box (62, 27, 20) --> (131, 141, 219)
Right_Cerebral_White_Matter: limiting intensities to 89.0 --> 118.0
17 of 8749 (0.2%) samples deleted
finding control points in Left_Cerebellum_White_Matter....
found 3059 control points for structure...
bounding box (130, 116, 53) --> (180, 160, 117)
Left_Cerebellum_White_Matter: limiting intensities to 88.0 --> 118.0
186 of 452 (41.2%) samples deleted
finding control points in Right_Cerebellum_White_Matter....
found 2705 control points for structure...
bounding box (82, 116, 49) --> (129, 157, 117)
Right_Cerebellum_White_Matter: limiting intensities to 88.0 --> 118.0
261 of 526 (49.6%) samples deleted
finding control points in Brain_Stem....
found 3518 control points for structure...
bounding box (110, 103, 95) --> (146, 175, 130)
Brain_Stem: limiting intensities to 88.0 --> 118.0
364 of 444 (82.0%) samples deleted
using 18687 total control points for intensity normalization...
bias field = 1.036 +- 0.033
30 of 17701 control points discarded
writing normalized volume to norm.mgz...
writing control points to ctrl_pts.mgz
freeing GCA...done.
normalization took 1 minutes and 50 seconds.
#--------------------------------------
#@# CA Reg Wed Aug  7 18:21:54 BST 2024
/cubric/collab/487_mvpa/poppy-effex/dataset/derivatives/freesurfer/6.0.1/output/ses-1/sub-126BPCP021002/mri

 mri_ca_register -rusage /cubric/collab/487_mvpa/poppy-effex/dataset/derivatives/freesurfer/6.0.1/output/ses-1/sub-126BPCP021002/touch/rusage.mri_ca_register.dat -nobigventricles -T transforms/talairach.lta -align-after -mask brainmask.mgz norm.mgz /opt/freesurfer/average/RB_all_2016-05-10.vc700.gca transforms/talairach.m3z 

not handling expanded ventricles...
using previously computed transform transforms/talairach.lta
renormalizing sequences with structure alignment, equivalent to:
	-renormalize
	-regularize_mean 0.500
	-regularize 0.500
using MR volume brainmask.mgz to mask input volume...

== Number of threads available to mri_ca_register for OpenMP = 4 == 
reading 1 input volumes...
logging results to talairach.log
reading input volume 'norm.mgz'...
INFO: MRImask() using MRImaskDifferentGeometry()
INFO: MRImask() using MRImaskDifferentGeometry()
INFO: MRImask() using MRImaskDifferentGeometry()
INFO: MRImask() using MRImaskDifferentGeometry()
INFO: MRImask() using MRImaskDifferentGeometry()
reading GCA '/opt/freesurfer/average/RB_all_2016-05-10.vc700.gca'...
label assignment complete, 0 changed (0.00%)
det(m_affine) = 0.82 (predicted orig area = 9.8)
label assignment complete, 0 changed (0.00%)
freeing gibbs priors...done.
average std[0] = 5.0
**************** pass 1 of 1 ************************
enabling zero nodes
setting smoothness coefficient to 0.039
blurring input image with Gaussian with sigma=2.000...
0000: dt=0.000, rms=0.880, neg=0, invalid=762
0001: dt=335.408302, rms=0.766 (12.899%), neg=0, invalid=762
0002: dt=159.883212, rms=0.741 (3.362%), neg=0, invalid=762
0003: dt=369.920000, rms=0.726 (1.956%), neg=0, invalid=762
0004: dt=164.693333, rms=0.722 (0.606%), neg=0, invalid=762
0005: dt=295.936000, rms=0.719 (0.352%), neg=0, invalid=762
0006: dt=129.472000, rms=0.718 (0.231%), neg=0, invalid=762
0007: dt=129.472000, rms=0.717 (0.136%), neg=0, invalid=762
0008: dt=129.472000, rms=0.715 (0.214%), neg=0, invalid=762
0009: dt=129.472000, rms=0.713 (0.271%), neg=0, invalid=762
0010: dt=129.472000, rms=0.711 (0.282%), neg=0, invalid=762
0011: dt=129.472000, rms=0.709 (0.308%), neg=0, invalid=762
0012: dt=129.472000, rms=0.707 (0.304%), neg=0, invalid=762
0013: dt=129.472000, rms=0.705 (0.274%), neg=0, invalid=762
0014: dt=129.472000, rms=0.703 (0.239%), neg=0, invalid=762
0015: dt=129.472000, rms=0.702 (0.221%), neg=0, invalid=762
0016: dt=129.472000, rms=0.700 (0.204%), neg=0, invalid=762
0017: dt=129.472000, rms=0.699 (0.194%), neg=0, invalid=762
0018: dt=129.472000, rms=0.697 (0.179%), neg=0, invalid=762
0019: dt=129.472000, rms=0.696 (0.153%), neg=0, invalid=762
0020: dt=129.472000, rms=0.696 (0.124%), neg=0, invalid=762
0021: dt=129.472000, rms=0.695 (0.116%), neg=0, invalid=762
0022: dt=1183.744000, rms=0.693 (0.248%), neg=0, invalid=762
0023: dt=92.480000, rms=0.692 (0.139%), neg=0, invalid=762
0024: dt=92.480000, rms=0.692 (0.006%), neg=0, invalid=762
0025: dt=92.480000, rms=0.692 (0.015%), neg=0, invalid=762
0026: dt=92.480000, rms=0.692 (0.038%), neg=0, invalid=762
0027: dt=92.480000, rms=0.691 (0.056%), neg=0, invalid=762
0028: dt=92.480000, rms=0.691 (0.073%), neg=0, invalid=762
0029: dt=92.480000, rms=0.690 (0.077%), neg=0, invalid=762
0030: dt=92.480000, rms=0.690 (0.068%), neg=0, invalid=762
0031: dt=92.480000, rms=0.689 (0.065%), neg=0, invalid=762
blurring input image with Gaussian with sigma=0.500...
0000: dt=0.000, rms=0.690, neg=0, invalid=762
0032: dt=295.936000, rms=0.684 (0.858%), neg=0, invalid=762
0033: dt=73.984000, rms=0.683 (0.059%), neg=0, invalid=762
0034: dt=73.984000, rms=0.683 (-0.001%), neg=0, invalid=762
setting smoothness coefficient to 0.154
blurring input image with Gaussian with sigma=2.000...
0000: dt=0.000, rms=0.692, neg=0, invalid=762
0035: dt=36.288000, rms=0.691 (0.243%), neg=0, invalid=762
0036: dt=118.816143, rms=0.688 (0.435%), neg=0, invalid=762
0037: dt=351.806274, rms=0.665 (3.344%), neg=0, invalid=762
0038: dt=22.654867, rms=0.662 (0.414%), neg=0, invalid=762
0039: dt=5.184000, rms=0.662 (0.009%), neg=0, invalid=762
0040: dt=5.184000, rms=0.662 (-0.003%), neg=0, invalid=762
blurring input image with Gaussian with sigma=0.500...
0000: dt=0.000, rms=0.662, neg=0, invalid=762
0041: dt=95.851163, rms=0.660 (0.401%), neg=0, invalid=762
0042: dt=124.416000, rms=0.656 (0.468%), neg=0, invalid=762
0043: dt=36.288000, rms=0.655 (0.236%), neg=0, invalid=762
0044: dt=36.288000, rms=0.654 (0.073%), neg=0, invalid=762
0045: dt=36.288000, rms=0.653 (0.149%), neg=0, invalid=762
0046: dt=36.288000, rms=0.652 (0.226%), neg=0, invalid=762
0047: dt=36.288000, rms=0.650 (0.301%), neg=0, invalid=762
0048: dt=36.288000, rms=0.648 (0.327%), neg=0, invalid=762
0049: dt=36.288000, rms=0.646 (0.310%), neg=0, invalid=762
0050: dt=36.288000, rms=0.644 (0.293%), neg=0, invalid=762
0051: dt=36.288000, rms=0.642 (0.276%), neg=0, invalid=762
0052: dt=36.288000, rms=0.641 (0.271%), neg=0, invalid=762
0053: dt=36.288000, rms=0.639 (0.281%), neg=0, invalid=762
0054: dt=36.288000, rms=0.637 (0.282%), neg=0, invalid=762
0055: dt=36.288000, rms=0.635 (0.272%), neg=0, invalid=762
0056: dt=36.288000, rms=0.634 (0.249%), neg=0, invalid=762
0057: dt=36.288000, rms=0.632 (0.233%), neg=0, invalid=762
0058: dt=36.288000, rms=0.631 (0.204%), neg=0, invalid=762
0059: dt=36.288000, rms=0.630 (0.200%), neg=0, invalid=762
0060: dt=36.288000, rms=0.628 (0.187%), neg=0, invalid=762
0061: dt=36.288000, rms=0.627 (0.168%), neg=0, invalid=762
0062: dt=36.288000, rms=0.626 (0.156%), neg=0, invalid=762
0063: dt=36.288000, rms=0.625 (0.143%), neg=0, invalid=762
0064: dt=36.288000, rms=0.625 (0.125%), neg=0, invalid=762
0065: dt=36.288000, rms=0.624 (0.127%), neg=0, invalid=762
0066: dt=36.288000, rms=0.623 (0.120%), neg=0, invalid=762
0067: dt=36.288000, rms=0.622 (0.109%), neg=0, invalid=762
0068: dt=103.680000, rms=0.622 (0.006%), neg=0, invalid=762
0069: dt=103.680000, rms=0.622 (0.054%), neg=0, invalid=762
0070: dt=103.680000, rms=0.622 (0.025%), neg=0, invalid=762
0071: dt=103.680000, rms=0.622 (0.034%), neg=0, invalid=762
0072: dt=103.680000, rms=0.621 (0.061%), neg=0, invalid=762
0073: dt=103.680000, rms=0.621 (0.051%), neg=0, invalid=762
setting smoothness coefficient to 0.588
blurring input image with Gaussian with sigma=2.000...
0000: dt=0.000, rms=0.651, neg=0, invalid=762
0074: dt=2.400000, rms=0.651 (0.092%), neg=0, invalid=762
0075: dt=0.700000, rms=0.651 (0.001%), neg=0, invalid=762
0076: dt=0.700000, rms=0.651 (0.000%), neg=0, invalid=762
0077: dt=0.700000, rms=0.651 (-0.002%), neg=0, invalid=762
blurring input image with Gaussian with sigma=0.500...
0000: dt=0.000, rms=0.651, neg=0, invalid=762
0078: dt=2.800000, rms=0.651 (0.093%), neg=0, invalid=762
0079: dt=1.600000, rms=0.651 (0.001%), neg=0, invalid=762
0080: dt=1.600000, rms=0.651 (-0.000%), neg=0, invalid=762
setting smoothness coefficient to 2.000
blurring input image with Gaussian with sigma=2.000...
0000: dt=0.000, rms=0.732, neg=0, invalid=762
0081: dt=6.785185, rms=0.707 (3.312%), neg=0, invalid=762
0082: dt=7.142857, rms=0.704 (0.456%), neg=0, invalid=762
0083: dt=3.456000, rms=0.704 (0.029%), neg=0, invalid=762
0084: dt=3.456000, rms=0.704 (0.011%), neg=0, invalid=762
0085: dt=3.456000, rms=0.704 (-0.059%), neg=0, invalid=762
blurring input image with Gaussian with sigma=0.500...
0000: dt=0.000, rms=0.704, neg=0, invalid=762
0086: dt=0.000000, rms=0.704 (0.062%), neg=0, invalid=762
0087: dt=0.000000, rms=0.704 (0.000%), neg=0, invalid=762
setting smoothness coefficient to 5.000
blurring input image with Gaussian with sigma=2.000...
0000: dt=0.000, rms=0.762, neg=0, invalid=762
0088: dt=0.000000, rms=0.762 (0.053%), neg=0, invalid=762
0089: dt=0.000000, rms=0.762 (0.000%), neg=0, invalid=762
blurring input image with Gaussian with sigma=0.500...
0000: dt=0.000, rms=0.762, neg=0, invalid=762
0090: dt=0.096000, rms=0.762 (0.056%), neg=0, invalid=762
0091: dt=0.064000, rms=0.762 (0.001%), neg=0, invalid=762
0092: dt=0.064000, rms=0.762 (0.000%), neg=0, invalid=762
0093: dt=0.064000, rms=0.762 (-0.004%), neg=0, invalid=762
resetting metric properties...
setting smoothness coefficient to 10.000
blurring input image with Gaussian with sigma=2.000...
0000: dt=0.000, rms=0.666, neg=0, invalid=762
0094: dt=0.721503, rms=0.652 (2.109%), neg=0, invalid=762
0095: dt=0.064000, rms=0.652 (0.080%), neg=0, invalid=762
0096: dt=0.064000, rms=0.652 (-0.059%), neg=0, invalid=762
blurring input image with Gaussian with sigma=0.500...
0000: dt=0.000, rms=0.652, neg=0, invalid=762
0097: dt=0.020000, rms=0.652 (0.079%), neg=0, invalid=762
0098: dt=0.000000, rms=0.652 (-0.000%), neg=0, invalid=762
renormalizing by structure alignment....
renormalizing input #0
gca peak = 0.10027 (20)
mri peak = 0.16896 (30)
Left_Lateral_Ventricle (4): linear fit = 1.74 x + 0.0 (2379 voxels, overlap=0.197)
Left_Lateral_Ventricle (4): linear fit = 1.50 x + 0.0 (2379 voxels, peak = 35), gca=30.0
gca peak = 0.15565 (16)
mri peak = 0.16243 (30)
Right_Lateral_Ventricle (43): linear fit = 1.90 x + 0.0 (1818 voxels, overlap=0.068)
Right_Lateral_Ventricle (43): linear fit = 1.50 x + 0.0 (1818 voxels, peak = 30), gca=24.0
gca peak = 0.26829 (96)
mri peak = 0.10495 (100)
Right_Pallidum (52): linear fit = 1.04 x + 0.0 (1654 voxels, overlap=0.997)
Right_Pallidum (52): linear fit = 1.04 x + 0.0 (1654 voxels, peak = 100), gca=100.3
gca peak = 0.20183 (93)
mri peak = 0.11119 (103)
Left_Pallidum (13): linear fit = 1.08 x + 0.0 (1431 voxels, overlap=0.758)
Left_Pallidum (13): linear fit = 1.08 x + 0.0 (1431 voxels, peak = 100), gca=100.0
gca peak = 0.21683 (55)
mri peak = 0.09454 (72)
Right_Hippocampus (53): linear fit = 1.26 x + 0.0 (1902 voxels, overlap=0.009)
Right_Hippocampus (53): linear fit = 1.26 x + 0.0 (1902 voxels, peak = 70), gca=69.6
gca peak = 0.30730 (58)
mri peak = 0.08361 (71)
Left_Hippocampus (17): linear fit = 1.22 x + 0.0 (1891 voxels, overlap=0.015)
Left_Hippocampus (17): linear fit = 1.22 x + 0.0 (1891 voxels, peak = 70), gca=70.5
gca peak = 0.11430 (101)
mri peak = 0.12827 (104)
Right_Cerebral_White_Matter (41): linear fit = 1.01 x + 0.0 (121880 voxels, overlap=0.748)
Right_Cerebral_White_Matter (41): linear fit = 1.01 x + 0.0 (121880 voxels, peak = 103), gca=102.5
gca peak = 0.12076 (102)
mri peak = 0.11803 (104)
Left_Cerebral_White_Matter (2): linear fit = 1.02 x + 0.0 (124945 voxels, overlap=0.656)
Left_Cerebral_White_Matter (2): linear fit = 1.02 x + 0.0 (124945 voxels, peak = 105), gca=104.5
gca peak = 0.14995 (59)
mri peak = 0.03842 (75)
Left_Cerebral_Cortex (3): linear fit = 1.29 x + 0.0 (61505 voxels, overlap=0.002)
Left_Cerebral_Cortex (3): linear fit = 1.29 x + 0.0 (61505 voxels, peak = 76), gca=76.4
gca peak = 0.15082 (58)
mri peak = 0.03890 (72)
Right_Cerebral_Cortex (42): linear fit = 1.26 x + 0.0 (65850 voxels, overlap=0.001)
Right_Cerebral_Cortex (42): linear fit = 1.26 x + 0.0 (65850 voxels, peak = 73), gca=73.4
gca peak = 0.14161 (67)
mri peak = 0.10879 (85)
Right_Caudate (50): linear fit = 1.22 x + 0.0 (1840 voxels, overlap=0.011)
Right_Caudate (50): linear fit = 1.22 x + 0.0 (1840 voxels, peak = 81), gca=81.4
gca peak = 0.15243 (71)
mri peak = 0.10839 (85)
Left_Caudate (11): linear fit = 1.15 x + 0.0 (1729 voxels, overlap=0.037)
Left_Caudate (11): linear fit = 1.15 x + 0.0 (1729 voxels, peak = 82), gca=82.0
gca peak = 0.13336 (57)
mri peak = 0.06992 (72)
Left_Cerebellum_Cortex (8): linear fit = 1.27 x + 0.0 (40981 voxels, overlap=0.004)
Left_Cerebellum_Cortex (8): linear fit = 1.27 x + 0.0 (40981 voxels, peak = 73), gca=72.7
gca peak = 0.13252 (56)
mri peak = 0.07302 (73)
Right_Cerebellum_Cortex (47): linear fit = 1.30 x + 0.0 (46752 voxels, overlap=0.001)
Right_Cerebellum_Cortex (47): linear fit = 1.30 x + 0.0 (46752 voxels, peak = 73), gca=73.1
gca peak = 0.18181 (84)
mri peak = 0.09676 (88)
Left_Cerebellum_White_Matter (7): linear fit = 1.04 x + 0.0 (16918 voxels, overlap=0.933)
Left_Cerebellum_White_Matter (7): linear fit = 1.04 x + 0.0 (16918 voxels, peak = 88), gca=87.8
gca peak = 0.20573 (83)
mri peak = 0.11783 (86)
Right_Cerebellum_White_Matter (46): linear fit = 1.04 x + 0.0 (14375 voxels, overlap=0.734)
Right_Cerebellum_White_Matter (46): linear fit = 1.04 x + 0.0 (14375 voxels, peak = 87), gca=86.7
gca peak = 0.21969 (57)
mri peak = 0.13292 (72)
Left_Amygdala (18): linear fit = 1.23 x + 0.0 (810 voxels, overlap=0.033)
Left_Amygdala (18): linear fit = 1.23 x + 0.0 (810 voxels, peak = 70), gca=69.8
gca peak = 0.39313 (56)
mri peak = 0.11735 (70)
Right_Amygdala (54): linear fit = 1.23 x + 0.0 (938 voxels, overlap=0.014)
Right_Amygdala (54): linear fit = 1.23 x + 0.0 (938 voxels, peak = 69), gca=68.6
gca peak = 0.14181 (85)
mri peak = 0.07811 (95)
Left_Thalamus_Proper (10): linear fit = 1.11 x + 0.0 (8644 voxels, overlap=0.415)
Left_Thalamus_Proper (10): linear fit = 1.11 x + 0.0 (8644 voxels, peak = 94), gca=93.9
gca peak = 0.11978 (83)
mri peak = 0.07535 (93)
Right_Thalamus_Proper (49): linear fit = 1.12 x + 0.0 (7632 voxels, overlap=0.481)
Right_Thalamus_Proper (49): linear fit = 1.12 x + 0.0 (7632 voxels, peak = 93), gca=92.5
gca peak = 0.13399 (79)
mri peak = 0.09037 (94)
Left_Putamen (12): linear fit = 1.17 x + 0.0 (4036 voxels, overlap=0.020)
Left_Putamen (12): linear fit = 1.17 x + 0.0 (4036 voxels, peak = 93), gca=92.8
gca peak = 0.14159 (79)
mri peak = 0.07642 (92)
Right_Putamen (51): linear fit = 1.14 x + 0.0 (4122 voxels, overlap=0.200)
Right_Putamen (51): linear fit = 1.14 x + 0.0 (4122 voxels, peak = 90), gca=90.5
gca peak = 0.10025 (80)
mri peak = 0.11676 (83)
Brain_Stem (16): linear fit = 1.10 x + 0.0 (20256 voxels, overlap=0.401)
Brain_Stem (16): linear fit = 1.10 x + 0.0 (20256 voxels, peak = 88), gca=87.6
gca peak = 0.13281 (86)
mri peak = 0.08775 (95)
Right_VentralDC (60): linear fit = 1.08 x + 0.0 (2286 voxels, overlap=0.459)
Right_VentralDC (60): linear fit = 1.08 x + 0.0 (2286 voxels, peak = 92), gca=92.5
gca peak = 0.12801 (89)
mri peak = 0.08485 (91)
Left_VentralDC (28): linear fit = 1.07 x + 0.0 (2495 voxels, overlap=0.535)
Left_VentralDC (28): linear fit = 1.07 x + 0.0 (2495 voxels, peak = 95), gca=94.8
gca peak = 0.20494 (23)
mri peak = 0.30000 (31)
gca peak = 0.15061 (21)
mri peak = 0.15198 (29)
Fourth_Ventricle (15): linear fit = 1.63 x + 0.0 (866 voxels, overlap=0.156)
Fourth_Ventricle (15): linear fit = 1.63 x + 0.0 (866 voxels, peak = 34), gca=34.3
gca peak Unknown = 0.94835 ( 0)
gca peak Left_Inf_Lat_Vent = 0.18056 (32)
gca peak Left_Thalamus = 0.64095 (94)
gca peak Third_Ventricle = 0.20494 (23)
gca peak Fourth_Ventricle = 0.15061 (21)
gca peak CSF = 0.20999 (34)
gca peak Left_Accumbens_area = 0.39030 (62)
gca peak Left_undetermined = 0.95280 (25)
gca peak Left_vessel = 0.67734 (53)
gca peak Left_choroid_plexus = 0.09433 (44)
gca peak Right_Inf_Lat_Vent = 0.23544 (26)
gca peak Right_Accumbens_area = 0.30312 (64)
gca peak Right_vessel = 0.46315 (51)
gca peak Right_choroid_plexus = 0.14086 (44)
gca peak Fifth_Ventricle = 0.51669 (36)
gca peak WM_hypointensities = 0.09722 (76)
gca peak non_WM_hypointensities = 0.11899 (47)
gca peak Optic_Chiasm = 0.39033 (72)
label assignment complete, 0 changed (0.00%)
not using caudate to estimate GM means
estimating mean gm scale to be 1.25 x + 0.0
estimating mean wm scale to be 1.02 x + 0.0
estimating mean csf scale to be 1.50 x + 0.0
Left_Putamen too bright - rescaling by 1.004 (from 1.175) to 93.2 (was 92.8)
Left_Pallidum too bright - rescaling by 1.005 (from 1.075) to 100.4 (was 100.0)
Right_Pallidum too bright - rescaling by 1.001 (from 1.045) to 100.4 (was 100.3)
saving intensity scales to talairach.label_intensities.txt
**************** pass 1 of 1 ************************
enabling zero nodes
setting smoothness coefficient to 0.008
blurring input image with Gaussian with sigma=2.000...
0000: dt=0.000, rms=0.620, neg=0, invalid=762
0099: dt=118.769577, rms=0.595 (3.975%), neg=0, invalid=762
0100: dt=295.936000, rms=0.589 (1.036%), neg=0, invalid=762
0101: dt=110.976000, rms=0.588 (0.215%), neg=0, invalid=762
0102: dt=517.888000, rms=0.585 (0.406%), neg=0, invalid=762
0103: dt=129.472000, rms=0.585 (0.061%), neg=0, invalid=762
0104: dt=517.888000, rms=0.584 (0.166%), neg=0, invalid=762
0105: dt=129.472000, rms=0.584 (0.081%), neg=0, invalid=762
0106: dt=295.936000, rms=0.583 (0.055%), neg=0, invalid=762
0107: dt=129.472000, rms=0.583 (0.075%), neg=0, invalid=762
0108: dt=129.472000, rms=0.583 (0.017%), neg=0, invalid=762
0109: dt=129.472000, rms=0.583 (0.043%), neg=0, invalid=762
0110: dt=129.472000, rms=0.582 (0.058%), neg=0, invalid=762
0111: dt=129.472000, rms=0.582 (0.068%), neg=0, invalid=762
0112: dt=129.472000, rms=0.581 (0.077%), neg=0, invalid=762
0113: dt=129.472000, rms=0.581 (0.094%), neg=0, invalid=762
0114: dt=129.472000, rms=0.580 (0.097%), neg=0, invalid=762
0115: dt=129.472000, rms=0.580 (0.082%), neg=0, invalid=762
0116: dt=129.472000, rms=0.579 (0.071%), neg=0, invalid=762
0117: dt=129.472000, rms=0.579 (0.069%), neg=0, invalid=762
0118: dt=129.472000, rms=0.579 (0.073%), neg=0, invalid=762
0119: dt=129.472000, rms=0.578 (0.070%), neg=0, invalid=762
0120: dt=129.472000, rms=0.578 (0.054%), neg=0, invalid=762
0121: dt=129.472000, rms=0.578 (0.047%), neg=0, invalid=762
0122: dt=129.472000, rms=0.577 (0.053%), neg=0, invalid=762
0123: dt=129.472000, rms=0.577 (0.056%), neg=0, invalid=762
0124: dt=129.472000, rms=0.577 (0.057%), neg=0, invalid=762
0125: dt=129.472000, rms=0.576 (0.048%), neg=0, invalid=762
0126: dt=129.472000, rms=0.576 (0.038%), neg=0, invalid=762
0127: dt=129.472000, rms=0.576 (0.042%), neg=0, invalid=762
0128: dt=129.472000, rms=0.576 (0.048%), neg=0, invalid=762
0129: dt=129.472000, rms=0.575 (0.052%), neg=0, invalid=762
0130: dt=129.472000, rms=0.575 (0.045%), neg=0, invalid=762
0131: dt=129.472000, rms=0.575 (0.040%), neg=0, invalid=762
0132: dt=129.472000, rms=0.575 (0.036%), neg=0, invalid=762
0133: dt=129.472000, rms=0.574 (0.040%), neg=0, invalid=762
0134: dt=129.472000, rms=0.574 (0.041%), neg=0, invalid=762
0135: dt=129.472000, rms=0.574 (0.037%), neg=0, invalid=762
0136: dt=129.472000, rms=0.574 (0.036%), neg=0, invalid=762
0137: dt=129.472000, rms=0.574 (0.031%), neg=0, invalid=762
0138: dt=129.472000, rms=0.573 (0.035%), neg=0, invalid=762
0139: dt=129.472000, rms=0.573 (0.035%), neg=0, invalid=762
0140: dt=129.472000, rms=0.573 (0.034%), neg=0, invalid=762
0141: dt=129.472000, rms=0.573 (0.030%), neg=0, invalid=762
0142: dt=129.472000, rms=0.573 (0.032%), neg=0, invalid=762
0143: dt=129.472000, rms=0.572 (0.033%), neg=0, invalid=762
0144: dt=129.472000, rms=0.572 (0.032%), neg=0, invalid=762
0145: dt=129.472000, rms=0.572 (0.033%), neg=0, invalid=762
0146: dt=129.472000, rms=0.572 (0.033%), neg=0, invalid=762
0147: dt=129.472000, rms=0.572 (0.031%), neg=0, invalid=762
0148: dt=129.472000, rms=0.572 (0.034%), neg=0, invalid=762
0149: dt=129.472000, rms=0.571 (0.030%), neg=0, invalid=762
0150: dt=129.472000, rms=0.571 (0.027%), neg=0, invalid=762
0151: dt=129.472000, rms=0.571 (0.025%), neg=0, invalid=762
0152: dt=129.472000, rms=0.571 (0.026%), neg=0, invalid=762
0153: dt=129.472000, rms=0.571 (0.024%), neg=0, invalid=762
0154: dt=129.472000, rms=0.571 (0.026%), neg=0, invalid=762
0155: dt=129.472000, rms=0.570 (0.028%), neg=0, invalid=762
0156: dt=129.472000, rms=0.570 (0.028%), neg=0, invalid=762
0157: dt=129.472000, rms=0.570 (0.027%), neg=0, invalid=762
0158: dt=129.472000, rms=0.570 (0.026%), neg=0, invalid=762
0159: dt=129.472000, rms=0.570 (0.027%), neg=0, invalid=762
0160: dt=129.472000, rms=0.570 (0.025%), neg=0, invalid=762
0161: dt=129.472000, rms=0.570 (0.025%), neg=0, invalid=762
0162: dt=129.472000, rms=0.570 (-0.000%), neg=0, invalid=762
blurring input image with Gaussian with sigma=0.500...
0000: dt=0.000, rms=0.570, neg=0, invalid=762
0163: dt=369.920000, rms=0.569 (0.161%), neg=0, invalid=762
0164: dt=92.480000, rms=0.569 (0.017%), neg=0, invalid=762
0165: dt=92.480000, rms=0.569 (0.008%), neg=0, invalid=762
0166: dt=92.480000, rms=0.569 (0.011%), neg=0, invalid=762
0167: dt=92.480000, rms=0.569 (0.017%), neg=0, invalid=762
0168: dt=92.480000, rms=0.568 (0.023%), neg=0, invalid=762
0169: dt=92.480000, rms=0.568 (0.034%), neg=0, invalid=762
0170: dt=92.480000, rms=0.568 (0.037%), neg=0, invalid=762
0171: dt=92.480000, rms=0.568 (0.031%), neg=0, invalid=762
0172: dt=92.480000, rms=0.568 (0.024%), neg=0, invalid=762
0173: dt=92.480000, rms=0.568 (0.019%), neg=0, invalid=762
0174: dt=295.936000, rms=0.568 (0.003%), neg=0, invalid=762
0175: dt=295.936000, rms=0.568 (0.010%), neg=0, invalid=762
0176: dt=295.936000, rms=0.567 (0.020%), neg=0, invalid=762
0177: dt=295.936000, rms=0.567 (0.011%), neg=0, invalid=762
0178: dt=295.936000, rms=0.567 (0.018%), neg=0, invalid=762
0179: dt=295.936000, rms=0.567 (0.046%), neg=0, invalid=762
0180: dt=295.936000, rms=0.567 (0.026%), neg=0, invalid=762
0181: dt=295.936000, rms=0.567 (0.024%), neg=0, invalid=762
0182: dt=295.936000, rms=0.566 (0.044%), neg=0, invalid=762
0183: dt=295.936000, rms=0.566 (0.035%), neg=0, invalid=762
