/cubric/collab/487_mvpa/poppy-effex/dataset/derivatives/freesurfer/6.0.1/output/ses-1/sub-126BPCP021002/mri
/opt/freesurfer/bin/mri_nu_correct.mni
--i orig.mgz --o nu.mgz --uchar transforms/talairach.xfm --cm --n 2
nIters 2
$Id: mri_nu_correct.mni,v 1.27 2016/02/26 16:19:49 mreuter Exp $
Linux c2b12 3.10.0-1062.el7.x86_64 #1 SMP Wed Aug 7 18:08:02 UTC 2019 x86_64 x86_64 x86_64 GNU/Linux
Wed Aug  7 17:47:17 BST 2024
Program nu_correct, built from:
Package MNI N3, version 1.12.0, compiled by nicks@terrier (x86_64-unknown-linux-gnu) on 2015-06-19 at 01:25:34
tmpdir is ./tmp.mri_nu_correct.mni.24957
/cubric/collab/487_mvpa/poppy-effex/dataset/derivatives/freesurfer/6.0.1/output/ses-1/sub-126BPCP021002/mri
mri_convert -cm orig.mgz ./tmp.mri_nu_correct.mni.24957/nu0.mnc -odt float
mri_convert.bin -cm orig.mgz ./tmp.mri_nu_correct.mni.24957/nu0.mnc -odt float 
$Id: mri_convert.c,v 1.226 2016/02/26 16:15:24 mreuter Exp $
reading from orig.mgz...
TR=1970.00, TE=0.00, TI=0.00, flip angle=0.00
i_ras = (-1, -1.29575e-10, 2.0732e-09)
j_ras = (-2.0732e-09, 8.29282e-09, -1)
k_ras = (0, 1, 8.29282e-09)
changing data type from uchar to float (noscale = 0)...
writing to ./tmp.mri_nu_correct.mni.24957/nu0.mnc...
 
--------------------------------------------------------
Iteration 1 Wed Aug  7 17:47:20 BST 2024
nu_correct -clobber ./tmp.mri_nu_correct.mni.24957/nu0.mnc ./tmp.mri_nu_correct.mni.24957/nu1.mnc -tmpdir ./tmp.mri_nu_correct.mni.24957/0/
[saptaf1@c2b12:/cubric/collab/487_mvpa/poppy-effex/dataset/derivatives/freesurfer/6.0.1/output/ses-1/sub-126BPCP021002/mri/] [2024-08-07 17:47:20] running:
  /opt/freesurfer/mni/bin/nu_estimate_np_and_em -parzen -log -sharpen 0.15 0.01 -iterations 50 -stop 0.001 -shrink 4 -auto_mask -nonotify -b_spline 1.0e-7 -distance 200 -quiet -execute -clobber -nokeeptmp -tmpdir ./tmp.mri_nu_correct.mni.24957/0/ ./tmp.mri_nu_correct.mni.24957/nu0.mnc ./tmp.mri_nu_correct.mni.24957/nu1.imp

Processing:.................................................................Done
Processing:.................................................................Done
Processing:.................................................................Done
Processing:.................................................................Done
Processing:.................................................................Done
Processing:.................................................................Done
Processing:.................................................................Done
Processing:.................................................................Done
Processing:.................................................................Done
Processing:.................................................................Done
Processing:.................................................................Done
Processing:.................................................................Done
Processing:.................................................................Done
Processing:.................................................................Done
Processing:.................................................................Done
Processing:.................................................................Done
Processing:.................................................................Done
Processing:.................................................................Done
Processing:.................................................................Done
Processing:.................................................................Done
Processing:.................................................................Done
Processing:.................................................................Done
Processing:.................................................................Done
Processing:.................................................................Done
Processing:.................................................................Done
Processing:.................................................................Done
Processing:.................................................................Done
Processing:.................................................................Done
Processing:.................................................................Done
Processing:.................................................................Done
Processing:.................................................................Done
Processing:.................................................................Done
Processing:.................................................................Done
Processing:.................................................................Done
Processing:.................................................................Done
Processing:.................................................................Done
Processing:.................................................................Done
Processing:.................................................................Done
Processing:.................................................................Done
Processing:.................................................................Done
Processing:.................................................................Done
Processing:.................................................................Done
Processing:.................................................................Done
Processing:.................................................................Done
Processing:.................................................................Done
Processing:.................................................................Done
Processing:.................................................................Done
Processing:.................................................................Done
Processing:.................................................................Done
Processing:.................................................................Done
Number of iterations: 50 
CV of field change: 0.00210533
 
 
--------------------------------------------------------
Iteration 2 Wed Aug  7 17:48:26 BST 2024
nu_correct -clobber ./tmp.mri_nu_correct.mni.24957/nu1.mnc ./tmp.mri_nu_correct.mni.24957/nu2.mnc -tmpdir ./tmp.mri_nu_correct.mni.24957/1/
[saptaf1@c2b12:/cubric/collab/487_mvpa/poppy-effex/dataset/derivatives/freesurfer/6.0.1/output/ses-1/sub-126BPCP021002/mri/] [2024-08-07 17:48:26] running:
  /opt/freesurfer/mni/bin/nu_estimate_np_and_em -parzen -log -sharpen 0.15 0.01 -iterations 50 -stop 0.001 -shrink 4 -auto_mask -nonotify -b_spline 1.0e-7 -distance 200 -quiet -execute -clobber -nokeeptmp -tmpdir ./tmp.mri_nu_correct.mni.24957/1/ ./tmp.mri_nu_correct.mni.24957/nu1.mnc ./tmp.mri_nu_correct.mni.24957/nu2.imp

Processing:.................................................................Done
Processing:.................................................................Done
Processing:.................................................................Done
Processing:.................................................................Done
Processing:.................................................................Done
Processing:.................................................................Done
Processing:.................................................................Done
Processing:.................................................................Done
Processing:.................................................................Done
Processing:.................................................................Done
Processing:.................................................................Done
Processing:.................................................................Done
Processing:.................................................................Done
Processing:.................................................................Done
Processing:.................................................................Done
Processing:.................................................................Done
Processing:.................................................................Done
Processing:.................................................................Done
Processing:.................................................................Done
Processing:.................................................................Done
Number of iterations: 20 
CV of field change: 0.000980713
 
 
 
mri_binarize --i ./tmp.mri_nu_correct.mni.24957/nu2.mnc --min -1 --o ./tmp.mri_nu_correct.mni.24957/ones.mgz

$Id: mri_binarize.c,v 1.43 2016/06/09 20:46:21 greve Exp $
cwd /cubric/collab/487_mvpa/poppy-effex/dataset/derivatives/freesurfer/6.0.1/output/ses-1/sub-126BPCP021002/mri
cmdline mri_binarize.bin --i ./tmp.mri_nu_correct.mni.24957/nu2.mnc --min -1 --o ./tmp.mri_nu_correct.mni.24957/ones.mgz 
sysname  Linux
hostname c2b12
machine  x86_64
user     saptaf1

input      ./tmp.mri_nu_correct.mni.24957/nu2.mnc
frame      0
nErode3d   0
nErode2d   0
output     ./tmp.mri_nu_correct.mni.24957/ones.mgz
Binarizing based on threshold
min        -1
max        +infinity
binval        1
binvalnot     0
fstart = 0, fend = 0, nframes = 1
Found 16777216 values in range
Counting number of voxels in first frame
Found 16777216 voxels in final mask
Count: 16777216 12167019.000000 16777216 100.000000
mri_binarize done
mri_segstats --id 1 --seg ./tmp.mri_nu_correct.mni.24957/ones.mgz --i orig.mgz --sum ./tmp.mri_nu_correct.mni.24957/sum.junk --avgwf ./tmp.mri_nu_correct.mni.24957/input.mean.dat

$Id: mri_segstats.c,v 1.121 2016/05/31 17:27:11 greve Exp $
cwd 
cmdline mri_segstats --id 1 --seg ./tmp.mri_nu_correct.mni.24957/ones.mgz --i orig.mgz --sum ./tmp.mri_nu_correct.mni.24957/sum.junk --avgwf ./tmp.mri_nu_correct.mni.24957/input.mean.dat 
sysname  Linux
hostname c2b12
machine  x86_64
user     saptaf1
UseRobust  0
Loading ./tmp.mri_nu_correct.mni.24957/ones.mgz
Loading orig.mgz
Voxel Volume is 0.725211 mm^3
Generating list of segmentation ids
Found   1 segmentations
Computing statistics for each segmentation

Reporting on   1 segmentations
Using PrintSegStat
Computing spatial average of each frame
  0
Writing to ./tmp.mri_nu_correct.mni.24957/input.mean.dat
mri_segstats done
mri_segstats --id 1 --seg ./tmp.mri_nu_correct.mni.24957/ones.mgz --i ./tmp.mri_nu_correct.mni.24957/nu2.mnc --sum ./tmp.mri_nu_correct.mni.24957/sum.junk --avgwf ./tmp.mri_nu_correct.mni.24957/output.mean.dat

$Id: mri_segstats.c,v 1.121 2016/05/31 17:27:11 greve Exp $
cwd 
cmdline mri_segstats --id 1 --seg ./tmp.mri_nu_correct.mni.24957/ones.mgz --i ./tmp.mri_nu_correct.mni.24957/nu2.mnc --sum ./tmp.mri_nu_correct.mni.24957/sum.junk --avgwf ./tmp.mri_nu_correct.mni.24957/output.mean.dat 
sysname  Linux
hostname c2b12
machine  x86_64
user     saptaf1
UseRobust  0
Loading ./tmp.mri_nu_correct.mni.24957/ones.mgz
Loading ./tmp.mri_nu_correct.mni.24957/nu2.mnc
Voxel Volume is 0.725211 mm^3
Generating list of segmentation ids
Found   1 segmentations
Computing statistics for each segmentation

Reporting on   1 segmentations
Using PrintSegStat
Computing spatial average of each frame
  0
Writing to ./tmp.mri_nu_correct.mni.24957/output.mean.dat
mri_segstats done
mris_calc -o ./tmp.mri_nu_correct.mni.24957/nu2.mnc ./tmp.mri_nu_correct.mni.24957/nu2.mnc mul .89050758037913192796
mri_convert ./tmp.mri_nu_correct.mni.24957/nu2.mnc nu.mgz --like orig.mgz
mri_convert.bin ./tmp.mri_nu_correct.mni.24957/nu2.mnc nu.mgz --like orig.mgz 
$Id: mri_convert.c,v 1.226 2016/02/26 16:15:24 mreuter Exp $
reading from ./tmp.mri_nu_correct.mni.24957/nu2.mnc...
TR=0.00, TE=0.00, TI=0.00, flip angle=0.00
i_ras = (-1, -1.29575e-10, 2.0732e-09)
j_ras = (-2.0732e-09, 8.29282e-09, -1)
k_ras = (0, 1, 8.29282e-09)
INFO: transform src into the like-volume: orig.mgz
writing to nu.mgz...
mri_make_uchar nu.mgz transforms/talairach.xfm nu.mgz
type change took 0 minutes and 9 seconds.
mapping ( 6, 169) to ( 3, 110)
 
 
Wed Aug  7 17:49:52 BST 2024
mri_nu_correct.mni done
