status file for recon-all
Wed Aug  7 12:28:17 BST 2024
#@# MotionCor Wed Aug  7 12:28:23 BST 2024
#@# Talairach Wed Aug  7 12:28:34 BST 2024
#@# Talairach Failure Detection Wed Aug  7 12:31:00 BST 2024
#@# Nu Intensity Correction Wed Aug  7 12:31:00 BST 2024
#@# Intensity Normalization Wed Aug  7 12:33:34 BST 2024
recon-all -s sub-126BPCP021001 finished without error at Wed Aug  7 12:36:17 BST 2024



New invocation of recon-all 



status file for recon-all
Wed Aug  7 12:37:33 BST 2024
#@# EM Registration Wed Aug  7 12:37:33 BST 2024
#@# CA Normalize Wed Aug  7 12:42:00 BST 2024
#@# CA Reg Wed Aug  7 12:43:45 BST 2024
#@# SubCort Seg Wed Aug  7 15:00:09 BST 2024
#@# Merge ASeg Wed Aug  7 16:40:34 BST 2024
#@# Intensity Normalization2 Wed Aug  7 16:40:34 BST 2024
#@# Mask BFS Wed Aug  7 16:44:29 BST 2024
#@# WM Segmentation Wed Aug  7 16:44:34 BST 2024
#@# Fill Wed Aug  7 16:47:36 BST 2024
recon-all -s sub-126BPCP021001 finished without error at Wed Aug  7 16:48:20 BST 2024
